[2025-10-29 23:42:45] ================================================================================
[2025-10-29 23:42:45] CONUS404 Download Driver Starting
[2025-10-29 23:42:45] ================================================================================
[2025-10-29 23:42:45] Date range: 1988-03-31 to 1988-04-17
[2025-10-29 23:42:45] Max concurrent processes: 8
[2025-10-29 23:42:45] Log file: logs/driver_20251029_234245.log
[2025-10-29 23:42:45] Memory Stats - Initial: Available=287097.5MB/385074.9MB (25.4% used)
[2025-10-29 23:42:45] Fetching CONUS404 asset from Planetary Computer...
[2025-10-29 23:42:47] Asset URL: az://noaa/conus404.zarr
[2025-10-29 23:42:47] Asset configuration saved
[2025-10-29 23:42:47] Total dates to process: 18
[2025-10-29 23:42:47] ================================================================================
[2025-10-29 23:42:47] Starting download processes
[2025-10-29 23:42:47] ================================================================================
[2025-10-29 23:42:47] Launching download 1/18: 1988-03-31
[2025-10-29 23:42:47] Launched subprocess PID 21787 for 1988-03-31 (log: logs/subprocesses/download_19880331.log)
[2025-10-29 23:42:47] Active subprocesses: 1
[2025-10-29 23:42:47]   PID 21787: 1988-03-31 | Runtime: 0.0s | Memory: 0.0MB | Status: running
[2025-10-29 23:42:47] Launching download 2/18: 1988-04-01
[2025-10-29 23:42:47] Launched subprocess PID 21788 for 1988-04-01 (log: logs/subprocesses/download_19880401.log)
[2025-10-29 23:42:47] Active subprocesses: 2
[2025-10-29 23:42:47]   PID 21787: 1988-03-31 | Runtime: 0.0s | Memory: 3.1MB | Status: running
[2025-10-29 23:42:47]   PID 21788: 1988-04-01 | Runtime: 0.0s | Memory: 0.0MB | Status: running
[2025-10-29 23:42:47] Launching download 3/18: 1988-04-02
[2025-10-29 23:42:47] Launched subprocess PID 21789 for 1988-04-02 (log: logs/subprocesses/download_19880402.log)
[2025-10-29 23:42:47] Active subprocesses: 3
[2025-10-29 23:42:47]   PID 21787: 1988-03-31 | Runtime: 0.0s | Memory: 5.1MB | Status: running
[2025-10-29 23:42:47]   PID 21788: 1988-04-01 | Runtime: 0.0s | Memory: 3.2MB | Status: running
[2025-10-29 23:42:47]   PID 21789: 1988-04-02 | Runtime: 0.0s | Memory: 0.5MB | Status: running
[2025-10-29 23:42:47] Launching download 4/18: 1988-04-03
[2025-10-29 23:42:47] Launched subprocess PID 21790 for 1988-04-03 (log: logs/subprocesses/download_19880403.log)
[2025-10-29 23:42:47] Active subprocesses: 4
[2025-10-29 23:42:47]   PID 21787: 1988-03-31 | Runtime: 0.0s | Memory: 6.5MB | Status: running
[2025-10-29 23:42:47]   PID 21788: 1988-04-01 | Runtime: 0.0s | Memory: 5.3MB | Status: running
[2025-10-29 23:42:47]   PID 21789: 1988-04-02 | Runtime: 0.0s | Memory: 3.6MB | Status: running
[2025-10-29 23:42:47]   PID 21790: 1988-04-03 | Runtime: 0.0s | Memory: 0.5MB | Status: running
[2025-10-29 23:42:47] Launching download 5/18: 1988-04-04
[2025-10-29 23:42:47] Launched subprocess PID 21791 for 1988-04-04 (log: logs/subprocesses/download_19880404.log)
[2025-10-29 23:42:47] Active subprocesses: 5
[2025-10-29 23:42:47]   PID 21787: 1988-03-31 | Runtime: 0.0s | Memory: 7.1MB | Status: running
[2025-10-29 23:42:47]   PID 21788: 1988-04-01 | Runtime: 0.0s | Memory: 6.7MB | Status: running
[2025-10-29 23:42:47]   PID 21789: 1988-04-02 | Runtime: 0.0s | Memory: 5.9MB | Status: running
[2025-10-29 23:42:47]   PID 21790: 1988-04-03 | Runtime: 0.0s | Memory: 3.5MB | Status: running
[2025-10-29 23:42:47]   PID 21791: 1988-04-04 | Runtime: 0.0s | Memory: 0.6MB | Status: running
[2025-10-29 23:42:47] Launching download 6/18: 1988-04-05
[2025-10-29 23:42:47] Launched subprocess PID 21792 for 1988-04-05 (log: logs/subprocesses/download_19880405.log)
[2025-10-29 23:42:47] Active subprocesses: 6
[2025-10-29 23:42:47]   PID 21787: 1988-03-31 | Runtime: 0.0s | Memory: 7.4MB | Status: running
[2025-10-29 23:42:47]   PID 21788: 1988-04-01 | Runtime: 0.0s | Memory: 7.1MB | Status: running
[2025-10-29 23:42:47]   PID 21789: 1988-04-02 | Runtime: 0.0s | Memory: 6.9MB | Status: running
[2025-10-29 23:42:47]   PID 21790: 1988-04-03 | Runtime: 0.0s | Memory: 6.9MB | Status: running
[2025-10-29 23:42:47]   PID 21791: 1988-04-04 | Runtime: 0.0s | Memory: 6.1MB | Status: running
[2025-10-29 23:42:47]   PID 21792: 1988-04-05 | Runtime: 0.0s | Memory: 4.7MB | Status: running
[2025-10-29 23:42:47] Launching download 7/18: 1988-04-06
[2025-10-29 23:42:47] Launched subprocess PID 21793 for 1988-04-06 (log: logs/subprocesses/download_19880406.log)
[2025-10-29 23:42:47] Active subprocesses: 7
[2025-10-29 23:42:47]   PID 21787: 1988-03-31 | Runtime: 0.0s | Memory: 7.6MB | Status: disk-sleep
[2025-10-29 23:42:47]   PID 21788: 1988-04-01 | Runtime: 0.0s | Memory: 7.5MB | Status: disk-sleep
[2025-10-29 23:42:47]   PID 21789: 1988-04-02 | Runtime: 0.0s | Memory: 7.6MB | Status: disk-sleep
[2025-10-29 23:42:47]   PID 21790: 1988-04-03 | Runtime: 0.0s | Memory: 7.2MB | Status: running
[2025-10-29 23:42:47]   PID 21791: 1988-04-04 | Runtime: 0.0s | Memory: 6.8MB | Status: running
[2025-10-29 23:42:47]   PID 21792: 1988-04-05 | Runtime: 0.0s | Memory: 5.9MB | Status: running
[2025-10-29 23:42:47]   PID 21793: 1988-04-06 | Runtime: 0.0s | Memory: 1.5MB | Status: disk-sleep
[2025-10-29 23:42:47] Launching download 8/18: 1988-04-07
[2025-10-29 23:42:47] Launched subprocess PID 21794 for 1988-04-07 (log: logs/subprocesses/download_19880407.log)
[2025-10-29 23:42:47] Active subprocesses: 8
[2025-10-29 23:42:47]   PID 21787: 1988-03-31 | Runtime: 0.0s | Memory: 7.6MB | Status: running
[2025-10-29 23:42:47]   PID 21788: 1988-04-01 | Runtime: 0.0s | Memory: 7.5MB | Status: running
[2025-10-29 23:42:47]   PID 21789: 1988-04-02 | Runtime: 0.0s | Memory: 7.9MB | Status: running
[2025-10-29 23:42:47]   PID 21790: 1988-04-03 | Runtime: 0.0s | Memory: 7.9MB | Status: running
[2025-10-29 23:42:47]   PID 21791: 1988-04-04 | Runtime: 0.0s | Memory: 7.5MB | Status: running
[2025-10-29 23:42:47]   PID 21792: 1988-04-05 | Runtime: 0.0s | Memory: 6.9MB | Status: running
[2025-10-29 23:42:47]   PID 21793: 1988-04-06 | Runtime: 0.0s | Memory: 5.4MB | Status: running
[2025-10-29 23:42:47]   PID 21794: 1988-04-07 | Runtime: 0.0s | Memory: 1.7MB | Status: running
[2025-10-29 23:43:17] Memory Stats - Periodic check: Available=282730.6MB/385074.9MB (26.6% used)
[2025-10-29 23:43:17] Active subprocesses: 8
[2025-10-29 23:43:17]   PID 21787: 1988-03-31 | Runtime: 30.0s | Memory: 597.3MB | Status: running
[2025-10-29 23:43:17]   PID 21788: 1988-04-01 | Runtime: 30.0s | Memory: 589.8MB | Status: running
[2025-10-29 23:43:17]   PID 21789: 1988-04-02 | Runtime: 30.0s | Memory: 589.8MB | Status: running
[2025-10-29 23:43:17]   PID 21790: 1988-04-03 | Runtime: 30.0s | Memory: 589.4MB | Status: running
[2025-10-29 23:43:17]   PID 21791: 1988-04-04 | Runtime: 30.0s | Memory: 560.9MB | Status: running
[2025-10-29 23:43:17]   PID 21792: 1988-04-05 | Runtime: 30.0s | Memory: 593.3MB | Status: running
[2025-10-29 23:43:17]   PID 21793: 1988-04-06 | Runtime: 30.0s | Memory: 578.3MB | Status: running
[2025-10-29 23:43:17]   PID 21794: 1988-04-07 | Runtime: 30.0s | Memory: 605.9MB | Status: running
[2025-10-29 23:43:17] Progress: 0 completed, 0 failed, 8 active, 10 pending | Elapsed: 30.0s
[2025-10-29 23:43:47] Memory Stats - Periodic check: Available=274159.9MB/385074.9MB (28.8% used)
[2025-10-29 23:43:47] Active subprocesses: 8
[2025-10-29 23:43:47]   PID 21787: 1988-03-31 | Runtime: 60.1s | Memory: 1831.0MB | Status: running
[2025-10-29 23:43:47]   PID 21788: 1988-04-01 | Runtime: 60.1s | Memory: 1823.1MB | Status: running
[2025-10-29 23:43:47]   PID 21789: 1988-04-02 | Runtime: 60.1s | Memory: 1818.3MB | Status: running
[2025-10-29 23:43:47]   PID 21790: 1988-04-03 | Runtime: 60.1s | Memory: 1825.5MB | Status: running
[2025-10-29 23:43:47]   PID 21791: 1988-04-04 | Runtime: 60.1s | Memory: 1794.4MB | Status: running
[2025-10-29 23:43:47]   PID 21792: 1988-04-05 | Runtime: 60.1s | Memory: 1833.9MB | Status: running
[2025-10-29 23:43:47]   PID 21793: 1988-04-06 | Runtime: 60.1s | Memory: 1818.1MB | Status: running
[2025-10-29 23:43:47]   PID 21794: 1988-04-07 | Runtime: 60.1s | Memory: 1842.8MB | Status: running
[2025-10-29 23:43:47] Progress: 0 completed, 0 failed, 8 active, 10 pending | Elapsed: 60.1s
[2025-10-29 23:44:17] Memory Stats - Periodic check: Available=264350.9MB/385074.9MB (31.4% used)
[2025-10-29 23:44:17] Active subprocesses: 8
[2025-10-29 23:44:17]   PID 21787: 1988-03-31 | Runtime: 90.1s | Memory: 3062.7MB | Status: running
[2025-10-29 23:44:17]   PID 21788: 1988-04-01 | Runtime: 90.1s | Memory: 3062.8MB | Status: running
[2025-10-29 23:44:17]   PID 21789: 1988-04-02 | Runtime: 90.1s | Memory: 3045.4MB | Status: running
[2025-10-29 23:44:17]   PID 21790: 1988-04-03 | Runtime: 90.1s | Memory: 3063.4MB | Status: running
[2025-10-29 23:44:17]   PID 21791: 1988-04-04 | Runtime: 90.1s | Memory: 2997.4MB | Status: running
[2025-10-29 23:44:17]   PID 21792: 1988-04-05 | Runtime: 90.1s | Memory: 3066.8MB | Status: running
[2025-10-29 23:44:17]   PID 21793: 1988-04-06 | Runtime: 90.1s | Memory: 3047.1MB | Status: running
[2025-10-29 23:44:17]   PID 21794: 1988-04-07 | Runtime: 90.1s | Memory: 3081.3MB | Status: running
[2025-10-29 23:44:17] Progress: 0 completed, 0 failed, 8 active, 10 pending | Elapsed: 90.1s
[2025-10-29 23:44:47] Memory Stats - Periodic check: Available=255454.0MB/385074.9MB (33.7% used)
[2025-10-29 23:44:47] Active subprocesses: 8
[2025-10-29 23:44:47]   PID 21787: 1988-03-31 | Runtime: 120.1s | Memory: 4139.7MB | Status: running
[2025-10-29 23:44:47]   PID 21788: 1988-04-01 | Runtime: 120.1s | Memory: 4136.6MB | Status: running
[2025-10-29 23:44:47]   PID 21789: 1988-04-02 | Runtime: 120.1s | Memory: 4134.4MB | Status: running
[2025-10-29 23:44:47]   PID 21790: 1988-04-03 | Runtime: 120.1s | Memory: 4140.1MB | Status: running
[2025-10-29 23:44:47]   PID 21791: 1988-04-04 | Runtime: 120.1s | Memory: 4138.5MB | Status: running
[2025-10-29 23:44:47]   PID 21792: 1988-04-05 | Runtime: 120.1s | Memory: 4135.0MB | Status: running
[2025-10-29 23:44:47]   PID 21793: 1988-04-06 | Runtime: 120.1s | Memory: 4157.4MB | Status: running
[2025-10-29 23:44:47]   PID 21794: 1988-04-07 | Runtime: 120.1s | Memory: 4142.3MB | Status: running
[2025-10-29 23:44:47] Progress: 0 completed, 0 failed, 8 active, 10 pending | Elapsed: 120.1s
[2025-10-29 23:45:17] Memory Stats - Periodic check: Available=254965.8MB/385074.9MB (33.8% used)
[2025-10-29 23:45:17] Active subprocesses: 8
[2025-10-29 23:45:17]   PID 21787: 1988-03-31 | Runtime: 150.1s | Memory: 4133.6MB | Status: running
[2025-10-29 23:45:17]   PID 21788: 1988-04-01 | Runtime: 150.1s | Memory: 4142.1MB | Status: running
[2025-10-29 23:45:17]   PID 21789: 1988-04-02 | Runtime: 150.1s | Memory: 4119.8MB | Status: running
[2025-10-29 23:45:17]   PID 21790: 1988-04-03 | Runtime: 150.1s | Memory: 4126.9MB | Status: running
[2025-10-29 23:45:17]   PID 21791: 1988-04-04 | Runtime: 150.1s | Memory: 4199.9MB | Status: running
[2025-10-29 23:45:17]   PID 21792: 1988-04-05 | Runtime: 150.1s | Memory: 4126.6MB | Status: running
[2025-10-29 23:45:17]   PID 21793: 1988-04-06 | Runtime: 150.1s | Memory: 4166.6MB | Status: running
[2025-10-29 23:45:17]   PID 21794: 1988-04-07 | Runtime: 150.1s | Memory: 4129.3MB | Status: running
[2025-10-29 23:45:17] Progress: 0 completed, 0 failed, 8 active, 10 pending | Elapsed: 150.1s
[2025-10-29 23:45:34] FAILED: PID 21792 failed for 1988-04-05 (exit code -9) after 167.1s
[2025-10-29 23:45:34]   -> Successfully logged failure to failed_jobs/1988-04-05.json
[2025-10-29 23:45:34] Launching download 9/18: 1988-04-08
[2025-10-29 23:45:34] Launched subprocess PID 22388 for 1988-04-08 (log: logs/subprocesses/download_19880408.log)
[2025-10-29 23:45:34] Active subprocesses: 8
[2025-10-29 23:45:34]   PID 21787: 1988-03-31 | Runtime: 167.2s | Memory: 4838.3MB | Status: running
[2025-10-29 23:45:34]   PID 21788: 1988-04-01 | Runtime: 167.2s | Memory: 4741.2MB | Status: running
[2025-10-29 23:45:34]   PID 21789: 1988-04-02 | Runtime: 167.2s | Memory: 4818.5MB | Status: running
[2025-10-29 23:45:34]   PID 21790: 1988-04-03 | Runtime: 167.2s | Memory: 4880.3MB | Status: running
[2025-10-29 23:45:34]   PID 21791: 1988-04-04 | Runtime: 167.2s | Memory: 4933.3MB | Status: running
[2025-10-29 23:45:34]   PID 21793: 1988-04-06 | Runtime: 167.2s | Memory: 4832.0MB | Status: running
[2025-10-29 23:45:34]   PID 21794: 1988-04-07 | Runtime: 167.2s | Memory: 4911.2MB | Status: running
[2025-10-29 23:45:34]   PID 22388: 1988-04-08 | Runtime: 0.0s | Memory: 1.6MB | Status: running
[2025-10-29 23:45:42] FAILED: PID 21790 failed for 1988-04-03 (exit code -9) after 175.2s
[2025-10-29 23:45:42]   -> Successfully logged failure to failed_jobs/1988-04-03.json
[2025-10-29 23:45:42] Launching download 10/18: 1988-04-09
[2025-10-29 23:45:42] Launched subprocess PID 22414 for 1988-04-09 (log: logs/subprocesses/download_19880409.log)
[2025-10-29 23:45:42] Active subprocesses: 8
[2025-10-29 23:45:42]   PID 21787: 1988-03-31 | Runtime: 175.2s | Memory: 5609.0MB | Status: running
[2025-10-29 23:45:42]   PID 21788: 1988-04-01 | Runtime: 175.2s | Memory: 5516.2MB | Status: running
[2025-10-29 23:45:42]   PID 21789: 1988-04-02 | Runtime: 175.2s | Memory: 5478.0MB | Status: running
[2025-10-29 23:45:42]   PID 21791: 1988-04-04 | Runtime: 175.2s | Memory: 5512.6MB | Status: running
[2025-10-29 23:45:42]   PID 21793: 1988-04-06 | Runtime: 175.2s | Memory: 5729.0MB | Status: running
[2025-10-29 23:45:42]   PID 21794: 1988-04-07 | Runtime: 175.2s | Memory: 5529.6MB | Status: running
[2025-10-29 23:45:42]   PID 22388: 1988-04-08 | Runtime: 8.0s | Memory: 238.4MB | Status: running
[2025-10-29 23:45:42]   PID 22414: 1988-04-09 | Runtime: 0.0s | Memory: 1.5MB | Status: running
[2025-10-29 23:45:47] Memory Stats - Periodic check: Available=252948.3MB/385074.9MB (34.3% used)
[2025-10-29 23:45:47] Active subprocesses: 8
[2025-10-29 23:45:47]   PID 21787: 1988-03-31 | Runtime: 180.2s | Memory: 5840.7MB | Status: running
[2025-10-29 23:45:47]   PID 21788: 1988-04-01 | Runtime: 180.2s | Memory: 5781.5MB | Status: running
[2025-10-29 23:45:47]   PID 21789: 1988-04-02 | Runtime: 180.2s | Memory: 5784.7MB | Status: running
[2025-10-29 23:45:47]   PID 21791: 1988-04-04 | Runtime: 180.2s | Memory: 5823.1MB | Status: running
[2025-10-29 23:45:47]   PID 21793: 1988-04-06 | Runtime: 180.2s | Memory: 5742.2MB | Status: running
[2025-10-29 23:45:47]   PID 21794: 1988-04-07 | Runtime: 180.2s | Memory: 5805.5MB | Status: running
[2025-10-29 23:45:47]   PID 22388: 1988-04-08 | Runtime: 13.0s | Memory: 454.1MB | Status: running
[2025-10-29 23:45:47]   PID 22414: 1988-04-09 | Runtime: 5.0s | Memory: 126.4MB | Status: sleeping
[2025-10-29 23:45:47] Progress: 0 completed, 2 failed, 8 active, 8 pending | Elapsed: 180.2s
[2025-10-29 23:45:53] FAILED: PID 21789 failed for 1988-04-02 (exit code -9) after 186.2s
[2025-10-29 23:45:53]   -> Successfully logged failure to failed_jobs/1988-04-02.json
[2025-10-29 23:45:53] Launching download 11/18: 1988-04-10
[2025-10-29 23:45:53] Launched subprocess PID 22438 for 1988-04-10 (log: logs/subprocesses/download_19880410.log)
[2025-10-29 23:45:53] Active subprocesses: 8
[2025-10-29 23:45:53]   PID 21787: 1988-03-31 | Runtime: 186.3s | Memory: 6150.3MB | Status: running
[2025-10-29 23:45:53]   PID 21788: 1988-04-01 | Runtime: 186.3s | Memory: 6095.3MB | Status: running
[2025-10-29 23:45:53]   PID 21791: 1988-04-04 | Runtime: 186.3s | Memory: 6932.9MB | Status: running
[2025-10-29 23:45:53]   PID 21793: 1988-04-06 | Runtime: 186.3s | Memory: 6057.6MB | Status: running
[2025-10-29 23:45:53]   PID 21794: 1988-04-07 | Runtime: 186.3s | Memory: 6125.4MB | Status: running
[2025-10-29 23:45:53]   PID 22388: 1988-04-08 | Runtime: 19.1s | Memory: 700.5MB | Status: running
[2025-10-29 23:45:53]   PID 22414: 1988-04-09 | Runtime: 11.1s | Memory: 359.0MB | Status: running
[2025-10-29 23:45:53]   PID 22438: 1988-04-10 | Runtime: 0.0s | Memory: 1.7MB | Status: running
[2025-10-29 23:46:17] Memory Stats - Periodic check: Available=250681.1MB/385074.9MB (34.9% used)
[2025-10-29 23:46:17] Active subprocesses: 8
[2025-10-29 23:46:17]   PID 21787: 1988-03-31 | Runtime: 210.3s | Memory: 6697.8MB | Status: running
[2025-10-29 23:46:17]   PID 21788: 1988-04-01 | Runtime: 210.3s | Memory: 6685.0MB | Status: running
[2025-10-29 23:46:17]   PID 21791: 1988-04-04 | Runtime: 210.3s | Memory: 6719.3MB | Status: running
[2025-10-29 23:46:17]   PID 21793: 1988-04-06 | Runtime: 210.3s | Memory: 6705.1MB | Status: running
[2025-10-29 23:46:17]   PID 21794: 1988-04-07 | Runtime: 210.3s | Memory: 6695.8MB | Status: running
[2025-10-29 23:46:17]   PID 22388: 1988-04-08 | Runtime: 43.1s | Memory: 1708.5MB | Status: running
[2025-10-29 23:46:17]   PID 22414: 1988-04-09 | Runtime: 35.1s | Memory: 1362.6MB | Status: running
[2025-10-29 23:46:17]   PID 22438: 1988-04-10 | Runtime: 24.0s | Memory: 901.7MB | Status: running
[2025-10-29 23:46:17] Progress: 0 completed, 3 failed, 8 active, 7 pending | Elapsed: 210.3s
[2025-10-29 23:46:47] Memory Stats - Periodic check: Available=249209.7MB/385074.9MB (35.3% used)
[2025-10-29 23:46:47] Active subprocesses: 8
[2025-10-29 23:46:47]   PID 21787: 1988-03-31 | Runtime: 240.3s | Memory: 5873.5MB | Status: sleeping
[2025-10-29 23:46:47]   PID 21788: 1988-04-01 | Runtime: 240.3s | Memory: 6246.1MB | Status: sleeping
[2025-10-29 23:46:47]   PID 21791: 1988-04-04 | Runtime: 240.3s | Memory: 6459.4MB | Status: running
[2025-10-29 23:46:47]   PID 21793: 1988-04-06 | Runtime: 240.3s | Memory: 6356.6MB | Status: sleeping
[2025-10-29 23:46:47]   PID 21794: 1988-04-07 | Runtime: 240.4s | Memory: 6430.8MB | Status: sleeping
[2025-10-29 23:46:47]   PID 22388: 1988-04-08 | Runtime: 73.2s | Memory: 2695.5MB | Status: running
[2025-10-29 23:46:47]   PID 22414: 1988-04-09 | Runtime: 65.2s | Memory: 2348.7MB | Status: running
[2025-10-29 23:46:47]   PID 22438: 1988-04-10 | Runtime: 54.1s | Memory: 1880.0MB | Status: running
[2025-10-29 23:46:47] Progress: 0 completed, 3 failed, 8 active, 7 pending | Elapsed: 240.3s
[2025-10-29 23:46:48] FAILED: PID 21794 failed for 1988-04-07 (exit code -9) after 241.4s
[2025-10-29 23:46:48]   -> Successfully logged failure to failed_jobs/1988-04-07.json
[2025-10-29 23:46:48] Launching download 12/18: 1988-04-11
[2025-10-29 23:46:48] Launched subprocess PID 23061 for 1988-04-11 (log: logs/subprocesses/download_19880411.log)
[2025-10-29 23:46:48] Active subprocesses: 8
[2025-10-29 23:46:48]   PID 21787: 1988-03-31 | Runtime: 241.4s | Memory: 5979.1MB | Status: sleeping
[2025-10-29 23:46:48]   PID 21788: 1988-04-01 | Runtime: 241.4s | Memory: 6413.9MB | Status: sleeping
[2025-10-29 23:46:48]   PID 21791: 1988-04-04 | Runtime: 241.4s | Memory: 6396.8MB | Status: sleeping
[2025-10-29 23:46:48]   PID 21793: 1988-04-06 | Runtime: 241.4s | Memory: 6498.0MB | Status: sleeping
[2025-10-29 23:46:48]   PID 22388: 1988-04-08 | Runtime: 74.2s | Memory: 2717.0MB | Status: running
[2025-10-29 23:46:48]   PID 22414: 1988-04-09 | Runtime: 66.2s | Memory: 2365.1MB | Status: running
[2025-10-29 23:46:48]   PID 22438: 1988-04-10 | Runtime: 55.1s | Memory: 1881.0MB | Status: running
[2025-10-29 23:46:48]   PID 23061: 1988-04-11 | Runtime: 0.0s | Memory: 1.5MB | Status: running
[2025-10-29 23:47:17] Memory Stats - Periodic check: Available=250295.2MB/385074.9MB (35.0% used)
[2025-10-29 23:47:17] Active subprocesses: 8
[2025-10-29 23:47:17]   PID 21787: 1988-03-31 | Runtime: 270.4s | Memory: 6100.5MB | Status: sleeping
[2025-10-29 23:47:17]   PID 21788: 1988-04-01 | Runtime: 270.4s | Memory: 6689.3MB | Status: sleeping
[2025-10-29 23:47:17]   PID 21791: 1988-04-04 | Runtime: 270.4s | Memory: 6704.9MB | Status: sleeping
[2025-10-29 23:47:17]   PID 21793: 1988-04-06 | Runtime: 270.4s | Memory: 6684.2MB | Status: sleeping
[2025-10-29 23:47:17]   PID 22388: 1988-04-08 | Runtime: 103.2s | Memory: 3527.1MB | Status: running
[2025-10-29 23:47:17]   PID 22414: 1988-04-09 | Runtime: 95.2s | Memory: 3162.1MB | Status: running
[2025-10-29 23:47:17]   PID 22438: 1988-04-10 | Runtime: 84.1s | Memory: 2678.9MB | Status: running
[2025-10-29 23:47:17]   PID 23061: 1988-04-11 | Runtime: 29.0s | Memory: 676.0MB | Status: running
[2025-10-29 23:47:17] Progress: 0 completed, 4 failed, 8 active, 6 pending | Elapsed: 270.4s
[2025-10-29 23:47:30] FAILED: PID 21791 failed for 1988-04-04 (exit code -9) after 283.5s
[2025-10-29 23:47:30]   -> Successfully logged failure to failed_jobs/1988-04-04.json
[2025-10-29 23:47:30] Launching download 13/18: 1988-04-12
[2025-10-29 23:47:30] Launched subprocess PID 23280 for 1988-04-12 (log: logs/subprocesses/download_19880412.log)
[2025-10-29 23:47:30] Active subprocesses: 8
[2025-10-29 23:47:30]   PID 21787: 1988-03-31 | Runtime: 283.5s | Memory: 6164.5MB | Status: sleeping
[2025-10-29 23:47:30]   PID 21788: 1988-04-01 | Runtime: 283.5s | Memory: 6669.9MB | Status: sleeping
[2025-10-29 23:47:30]   PID 21793: 1988-04-06 | Runtime: 283.5s | Memory: 6849.2MB | Status: sleeping
[2025-10-29 23:47:30]   PID 22388: 1988-04-08 | Runtime: 116.3s | Memory: 4103.5MB | Status: running
[2025-10-29 23:47:30]   PID 22414: 1988-04-09 | Runtime: 108.3s | Memory: 3525.6MB | Status: running
[2025-10-29 23:47:30]   PID 22438: 1988-04-10 | Runtime: 97.2s | Memory: 3057.6MB | Status: running
[2025-10-29 23:47:30]   PID 23061: 1988-04-11 | Runtime: 42.1s | Memory: 1007.2MB | Status: running
[2025-10-29 23:47:30]   PID 23280: 1988-04-12 | Runtime: 0.0s | Memory: 1.5MB | Status: running
[2025-10-29 23:47:48] Memory Stats - Periodic check: Available=252886.6MB/385074.9MB (34.3% used)
[2025-10-29 23:47:48] Active subprocesses: 8
[2025-10-29 23:47:48]   PID 21787: 1988-03-31 | Runtime: 300.6s | Memory: 6385.0MB | Status: sleeping
[2025-10-29 23:47:48]   PID 21788: 1988-04-01 | Runtime: 300.6s | Memory: 6965.4MB | Status: sleeping
[2025-10-29 23:47:48]   PID 21793: 1988-04-06 | Runtime: 300.6s | Memory: 7030.8MB | Status: sleeping
[2025-10-29 23:47:48]   PID 22388: 1988-04-08 | Runtime: 133.4s | Memory: 4115.8MB | Status: running
[2025-10-29 23:47:48]   PID 22414: 1988-04-09 | Runtime: 125.4s | Memory: 4112.6MB | Status: running
[2025-10-29 23:47:48]   PID 22438: 1988-04-10 | Runtime: 114.3s | Memory: 3576.6MB | Status: running
[2025-10-29 23:47:48]   PID 23061: 1988-04-11 | Runtime: 59.2s | Memory: 1519.7MB | Status: running
[2025-10-29 23:47:48]   PID 23280: 1988-04-12 | Runtime: 17.1s | Memory: 418.7MB | Status: running
[2025-10-29 23:47:48] Progress: 0 completed, 5 failed, 8 active, 5 pending | Elapsed: 300.6s
[2025-10-29 23:48:18] Memory Stats - Periodic check: Available=249190.6MB/385074.9MB (35.3% used)
[2025-10-29 23:48:18] Active subprocesses: 8
[2025-10-29 23:48:18]   PID 21787: 1988-03-31 | Runtime: 330.6s | Memory: 6585.3MB | Status: sleeping
[2025-10-29 23:48:18]   PID 21788: 1988-04-01 | Runtime: 330.6s | Memory: 7201.2MB | Status: sleeping
[2025-10-29 23:48:18]   PID 21793: 1988-04-06 | Runtime: 330.6s | Memory: 7280.8MB | Status: sleeping
[2025-10-29 23:48:18]   PID 22388: 1988-04-08 | Runtime: 163.4s | Memory: 4134.8MB | Status: running
[2025-10-29 23:48:18]   PID 22414: 1988-04-09 | Runtime: 155.4s | Memory: 4077.8MB | Status: running
[2025-10-29 23:48:18]   PID 22438: 1988-04-10 | Runtime: 144.3s | Memory: 4118.7MB | Status: running
[2025-10-29 23:48:18]   PID 23061: 1988-04-11 | Runtime: 89.2s | Memory: 2452.7MB | Status: running
[2025-10-29 23:48:18]   PID 23280: 1988-04-12 | Runtime: 47.1s | Memory: 1372.0MB | Status: running
[2025-10-29 23:48:18] Progress: 0 completed, 5 failed, 8 active, 5 pending | Elapsed: 330.6s
[2025-10-29 23:48:33] FAILED: PID 21788 failed for 1988-04-01 (exit code -9) after 345.6s
[2025-10-29 23:48:33]   -> Successfully logged failure to failed_jobs/1988-04-01.json
[2025-10-29 23:48:33] Launching download 14/18: 1988-04-13
[2025-10-29 23:48:33] Launched subprocess PID 23432 for 1988-04-13 (log: logs/subprocesses/download_19880413.log)
[2025-10-29 23:48:33] Active subprocesses: 8
[2025-10-29 23:48:33]   PID 21787: 1988-03-31 | Runtime: 345.6s | Memory: 6798.0MB | Status: sleeping
[2025-10-29 23:48:33]   PID 21793: 1988-04-06 | Runtime: 345.6s | Memory: 7292.8MB | Status: sleeping
[2025-10-29 23:48:33]   PID 22388: 1988-04-08 | Runtime: 178.4s | Memory: 4128.7MB | Status: running
[2025-10-29 23:48:33]   PID 22414: 1988-04-09 | Runtime: 170.4s | Memory: 4136.4MB | Status: running
[2025-10-29 23:48:33]   PID 22438: 1988-04-10 | Runtime: 159.3s | Memory: 4073.4MB | Status: running
[2025-10-29 23:48:33]   PID 23061: 1988-04-11 | Runtime: 104.2s | Memory: 2905.7MB | Status: running
[2025-10-29 23:48:33]   PID 23280: 1988-04-12 | Runtime: 62.1s | Memory: 1804.9MB | Status: running
[2025-10-29 23:48:33]   PID 23432: 1988-04-13 | Runtime: 0.0s | Memory: 1.5MB | Status: running
[2025-10-29 23:48:48] Memory Stats - Periodic check: Available=253682.6MB/385074.9MB (34.1% used)
[2025-10-29 23:48:48] Active subprocesses: 8
[2025-10-29 23:48:48]   PID 21787: 1988-03-31 | Runtime: 360.7s | Memory: 6600.4MB | Status: sleeping
[2025-10-29 23:48:48]   PID 21793: 1988-04-06 | Runtime: 360.7s | Memory: 7365.2MB | Status: sleeping
[2025-10-29 23:48:48]   PID 22388: 1988-04-08 | Runtime: 193.5s | Memory: 5145.0MB | Status: running
[2025-10-29 23:48:48]   PID 22414: 1988-04-09 | Runtime: 185.5s | Memory: 4325.7MB | Status: running
[2025-10-29 23:48:48]   PID 22438: 1988-04-10 | Runtime: 174.4s | Memory: 4131.4MB | Status: running
[2025-10-29 23:48:48]   PID 23061: 1988-04-11 | Runtime: 119.3s | Memory: 3391.1MB | Status: running
[2025-10-29 23:48:48]   PID 23280: 1988-04-12 | Runtime: 77.2s | Memory: 2319.2MB | Status: running
[2025-10-29 23:48:48]   PID 23432: 1988-04-13 | Runtime: 15.1s | Memory: 356.8MB | Status: running
[2025-10-29 23:48:48] Progress: 0 completed, 6 failed, 8 active, 4 pending | Elapsed: 360.7s
[2025-10-29 23:49:07] SUCCESS: PID 21787 completed 1988-03-31 in 379.7s
[2025-10-29 23:49:07] SUCCESS: PID 21793 completed 1988-04-06 in 379.7s
[2025-10-29 23:49:07] Launching download 15/18: 1988-04-14
[2025-10-29 23:49:07] Launched subprocess PID 23625 for 1988-04-14 (log: logs/subprocesses/download_19880414.log)
[2025-10-29 23:49:07] Active subprocesses: 7
[2025-10-29 23:49:07]   PID 22388: 1988-04-08 | Runtime: 212.5s | Memory: 7206.1MB | Status: running
[2025-10-29 23:49:07]   PID 22414: 1988-04-09 | Runtime: 204.5s | Memory: 5734.5MB | Status: running
[2025-10-29 23:49:07]   PID 22438: 1988-04-10 | Runtime: 193.4s | Memory: 5032.1MB | Status: running
[2025-10-29 23:49:07]   PID 23061: 1988-04-11 | Runtime: 138.3s | Memory: 4122.9MB | Status: running
[2025-10-29 23:49:07]   PID 23280: 1988-04-12 | Runtime: 96.2s | Memory: 3063.0MB | Status: running
[2025-10-29 23:49:07]   PID 23432: 1988-04-13 | Runtime: 34.1s | Memory: 1079.2MB | Status: running
[2025-10-29 23:49:07]   PID 23625: 1988-04-14 | Runtime: 0.0s | Memory: 1.5MB | Status: running
[2025-10-29 23:49:07] Launching download 16/18: 1988-04-15
[2025-10-29 23:49:07] Launched subprocess PID 23628 for 1988-04-15 (log: logs/subprocesses/download_19880415.log)
[2025-10-29 23:49:07] Active subprocesses: 8
[2025-10-29 23:49:07]   PID 22388: 1988-04-08 | Runtime: 212.5s | Memory: 7206.1MB | Status: running
[2025-10-29 23:49:07]   PID 22414: 1988-04-09 | Runtime: 204.5s | Memory: 5735.3MB | Status: running
[2025-10-29 23:49:07]   PID 22438: 1988-04-10 | Runtime: 193.4s | Memory: 5044.1MB | Status: running
[2025-10-29 23:49:07]   PID 23061: 1988-04-11 | Runtime: 138.3s | Memory: 4115.1MB | Status: running
[2025-10-29 23:49:07]   PID 23280: 1988-04-12 | Runtime: 96.2s | Memory: 3063.0MB | Status: running
[2025-10-29 23:49:07]   PID 23432: 1988-04-13 | Runtime: 34.1s | Memory: 1079.2MB | Status: running
[2025-10-29 23:49:07]   PID 23625: 1988-04-14 | Runtime: 0.0s | Memory: 5.0MB | Status: running
[2025-10-29 23:49:07]   PID 23628: 1988-04-15 | Runtime: 0.0s | Memory: 1.7MB | Status: running
[2025-10-29 23:49:18] Memory Stats - Periodic check: Available=257935.9MB/385074.9MB (33.0% used)
[2025-10-29 23:49:18] Active subprocesses: 8
[2025-10-29 23:49:18]   PID 22388: 1988-04-08 | Runtime: 223.5s | Memory: 6695.3MB | Status: running
[2025-10-29 23:49:18]   PID 22414: 1988-04-09 | Runtime: 215.5s | Memory: 6886.1MB | Status: running
[2025-10-29 23:49:18]   PID 22438: 1988-04-10 | Runtime: 204.4s | Memory: 5803.1MB | Status: running
[2025-10-29 23:49:18]   PID 23061: 1988-04-11 | Runtime: 149.3s | Memory: 4129.2MB | Status: running
[2025-10-29 23:49:18]   PID 23280: 1988-04-12 | Runtime: 107.2s | Memory: 3523.5MB | Status: running
[2025-10-29 23:49:18]   PID 23432: 1988-04-13 | Runtime: 45.1s | Memory: 1540.5MB | Status: running
[2025-10-29 23:49:18]   PID 23625: 1988-04-14 | Runtime: 11.0s | Memory: 400.3MB | Status: running
[2025-10-29 23:49:18]   PID 23628: 1988-04-15 | Runtime: 11.0s | Memory: 367.4MB | Status: running
[2025-10-29 23:49:18] Progress: 2 completed, 6 failed, 8 active, 2 pending | Elapsed: 390.7s
[2025-10-29 23:49:48] Memory Stats - Periodic check: Available=254690.9MB/385074.9MB (33.9% used)
[2025-10-29 23:49:48] Active subprocesses: 8
[2025-10-29 23:49:48]   PID 22388: 1988-04-08 | Runtime: 253.5s | Memory: 5297.8MB | Status: sleeping
[2025-10-29 23:49:48]   PID 22414: 1988-04-09 | Runtime: 245.5s | Memory: 6698.2MB | Status: running
[2025-10-29 23:49:48]   PID 22438: 1988-04-10 | Runtime: 234.4s | Memory: 6698.4MB | Status: running
[2025-10-29 23:49:48]   PID 23061: 1988-04-11 | Runtime: 179.3s | Memory: 4102.8MB | Status: running
[2025-10-29 23:49:48]   PID 23280: 1988-04-12 | Runtime: 137.2s | Memory: 4127.0MB | Status: running
[2025-10-29 23:49:48]   PID 23432: 1988-04-13 | Runtime: 75.1s | Memory: 2734.2MB | Status: running
[2025-10-29 23:49:48]   PID 23625: 1988-04-14 | Runtime: 41.0s | Memory: 1608.4MB | Status: running
[2025-10-29 23:49:48]   PID 23628: 1988-04-15 | Runtime: 41.0s | Memory: 1576.2MB | Status: running
[2025-10-29 23:49:48] Progress: 2 completed, 6 failed, 8 active, 2 pending | Elapsed: 420.7s
[2025-10-29 23:50:18] Memory Stats - Periodic check: Available=255421.8MB/385074.9MB (33.7% used)
[2025-10-29 23:50:18] Active subprocesses: 8
[2025-10-29 23:50:18]   PID 22388: 1988-04-08 | Runtime: 283.6s | Memory: 6094.7MB | Status: sleeping
[2025-10-29 23:50:18]   PID 22414: 1988-04-09 | Runtime: 275.6s | Memory: 6372.2MB | Status: sleeping
[2025-10-29 23:50:18]   PID 22438: 1988-04-10 | Runtime: 264.5s | Memory: 6119.0MB | Status: sleeping
[2025-10-29 23:50:18]   PID 23061: 1988-04-11 | Runtime: 209.4s | Memory: 0.0MB | Status: zombie
[2025-10-29 23:50:18]   PID 23280: 1988-04-12 | Runtime: 167.3s | Memory: 4098.7MB | Status: running
[2025-10-29 23:50:18]   PID 23432: 1988-04-13 | Runtime: 105.2s | Memory: 3999.3MB | Status: running
[2025-10-29 23:50:18]   PID 23625: 1988-04-14 | Runtime: 71.1s | Memory: 2625.3MB | Status: running
[2025-10-29 23:50:18]   PID 23628: 1988-04-15 | Runtime: 71.1s | Memory: 2621.8MB | Status: running
[2025-10-29 23:50:18] Progress: 2 completed, 6 failed, 8 active, 2 pending | Elapsed: 450.8s
[2025-10-29 23:50:19] FAILED: PID 23061 failed for 1988-04-11 (exit code -9) after 210.4s
[2025-10-29 23:50:19]   -> Successfully logged failure to failed_jobs/1988-04-11.json
[2025-10-29 23:50:19] Launching download 17/18: 1988-04-16
[2025-10-29 23:50:19] Launched subprocess PID 24796 for 1988-04-16 (log: logs/subprocesses/download_19880416.log)
[2025-10-29 23:50:19] Active subprocesses: 8
[2025-10-29 23:50:19]   PID 22388: 1988-04-08 | Runtime: 284.6s | Memory: 6222.3MB | Status: sleeping
[2025-10-29 23:50:19]   PID 22414: 1988-04-09 | Runtime: 276.6s | Memory: 6437.3MB | Status: sleeping
[2025-10-29 23:50:19]   PID 22438: 1988-04-10 | Runtime: 265.5s | Memory: 6248.3MB | Status: sleeping
[2025-10-29 23:50:19]   PID 23280: 1988-04-12 | Runtime: 168.3s | Memory: 4099.7MB | Status: running
[2025-10-29 23:50:19]   PID 23432: 1988-04-13 | Runtime: 106.2s | Memory: 4083.3MB | Status: running
[2025-10-29 23:50:19]   PID 23625: 1988-04-14 | Runtime: 72.1s | Memory: 2660.1MB | Status: running
[2025-10-29 23:50:19]   PID 23628: 1988-04-15 | Runtime: 72.1s | Memory: 2658.9MB | Status: running
[2025-10-29 23:50:19]   PID 24796: 1988-04-16 | Runtime: 0.0s | Memory: 1.5MB | Status: running
[2025-10-29 23:50:48] Memory Stats - Periodic check: Available=250055.3MB/385074.9MB (35.1% used)
[2025-10-29 23:50:48] Active subprocesses: 8
[2025-10-29 23:50:48]   PID 22388: 1988-04-08 | Runtime: 313.7s | Memory: 6507.0MB | Status: sleeping
[2025-10-29 23:50:48]   PID 22414: 1988-04-09 | Runtime: 305.7s | Memory: 6897.5MB | Status: sleeping
[2025-10-29 23:50:48]   PID 22438: 1988-04-10 | Runtime: 294.6s | Memory: 6843.3MB | Status: sleeping
[2025-10-29 23:50:48]   PID 23280: 1988-04-12 | Runtime: 197.4s | Memory: 5221.7MB | Status: running
[2025-10-29 23:50:48]   PID 23432: 1988-04-13 | Runtime: 135.3s | Memory: 4164.5MB | Status: running
[2025-10-29 23:50:48]   PID 23625: 1988-04-14 | Runtime: 101.2s | Memory: 3578.0MB | Status: running
[2025-10-29 23:50:48]   PID 23628: 1988-04-15 | Runtime: 101.2s | Memory: 3565.0MB | Status: running
[2025-10-29 23:50:48]   PID 24796: 1988-04-16 | Runtime: 29.1s | Memory: 766.3MB | Status: running
[2025-10-29 23:50:48] Progress: 2 completed, 7 failed, 8 active, 1 pending | Elapsed: 480.9s
[2025-10-29 23:50:52] FAILED: PID 22414 failed for 1988-04-09 (exit code -9) after 309.7s
[2025-10-29 23:50:52]   -> Successfully logged failure to failed_jobs/1988-04-09.json
[2025-10-29 23:50:52] Launching download 18/18: 1988-04-17
[2025-10-29 23:50:52] Launched subprocess PID 24995 for 1988-04-17 (log: logs/subprocesses/download_19880417.log)
[2025-10-29 23:50:52] Active subprocesses: 8
[2025-10-29 23:50:52]   PID 22388: 1988-04-08 | Runtime: 317.7s | Memory: 6504.8MB | Status: sleeping
[2025-10-29 23:50:52]   PID 22438: 1988-04-10 | Runtime: 298.6s | Memory: 6674.6MB | Status: sleeping
[2025-10-29 23:50:52]   PID 23280: 1988-04-12 | Runtime: 201.4s | Memory: 5619.6MB | Status: running
[2025-10-29 23:50:52]   PID 23432: 1988-04-13 | Runtime: 139.3s | Memory: 4172.1MB | Status: running
[2025-10-29 23:50:52]   PID 23625: 1988-04-14 | Runtime: 105.2s | Memory: 3949.1MB | Status: running
[2025-10-29 23:50:52]   PID 23628: 1988-04-15 | Runtime: 105.2s | Memory: 3902.1MB | Status: running
[2025-10-29 23:50:52]   PID 24796: 1988-04-16 | Runtime: 33.1s | Memory: 879.4MB | Status: running
[2025-10-29 23:50:52]   PID 24995: 1988-04-17 | Runtime: 0.0s | Memory: 1.5MB | Status: running
[2025-10-29 23:51:18] Memory Stats - Periodic check: Available=250594.3MB/385074.9MB (34.9% used)
[2025-10-29 23:51:18] Active subprocesses: 8
[2025-10-29 23:51:18]   PID 22388: 1988-04-08 | Runtime: 343.8s | Memory: 6859.5MB | Status: sleeping
[2025-10-29 23:51:18]   PID 22438: 1988-04-10 | Runtime: 324.7s | Memory: 7073.2MB | Status: sleeping
[2025-10-29 23:51:18]   PID 23280: 1988-04-12 | Runtime: 227.5s | Memory: 7169.8MB | Status: running
[2025-10-29 23:51:18]   PID 23432: 1988-04-13 | Runtime: 165.4s | Memory: 4138.6MB | Status: running
[2025-10-29 23:51:18]   PID 23625: 1988-04-14 | Runtime: 131.3s | Memory: 4124.4MB | Status: running
[2025-10-29 23:51:18]   PID 23628: 1988-04-15 | Runtime: 131.3s | Memory: 4123.9MB | Status: running
[2025-10-29 23:51:18]   PID 24796: 1988-04-16 | Runtime: 59.2s | Memory: 1779.4MB | Status: running
[2025-10-29 23:51:18]   PID 24995: 1988-04-17 | Runtime: 26.1s | Memory: 780.5MB | Status: running
[2025-10-29 23:51:18] Progress: 2 completed, 8 failed, 8 active, 0 pending | Elapsed: 511.0s
[2025-10-29 23:51:41] FAILED: PID 22438 failed for 1988-04-10 (exit code -9) after 347.7s
[2025-10-29 23:51:41]   -> Successfully logged failure to failed_jobs/1988-04-10.json
[2025-10-29 23:51:48] Memory Stats - Periodic check: Available=254508.0MB/385074.9MB (33.9% used)
[2025-10-29 23:51:48] Active subprocesses: 7
[2025-10-29 23:51:48]   PID 22388: 1988-04-08 | Runtime: 373.8s | Memory: 6717.9MB | Status: running
[2025-10-29 23:51:48]   PID 23280: 1988-04-12 | Runtime: 257.5s | Memory: 6698.9MB | Status: running
[2025-10-29 23:51:48]   PID 23432: 1988-04-13 | Runtime: 195.4s | Memory: 5788.2MB | Status: running
[2025-10-29 23:51:48]   PID 23625: 1988-04-14 | Runtime: 161.3s | Memory: 4110.7MB | Status: running
[2025-10-29 23:51:48]   PID 23628: 1988-04-15 | Runtime: 161.3s | Memory: 4089.8MB | Status: running
[2025-10-29 23:51:48]   PID 24796: 1988-04-16 | Runtime: 89.2s | Memory: 2885.8MB | Status: running
[2025-10-29 23:51:48]   PID 24995: 1988-04-17 | Runtime: 56.1s | Memory: 1848.5MB | Status: running
[2025-10-29 23:51:48] Progress: 2 completed, 9 failed, 7 active, 0 pending | Elapsed: 541.0s
[2025-10-29 23:51:58] SUCCESS: PID 22388 completed 1988-04-08 in 383.8s
[2025-10-29 23:52:18] Memory Stats - Periodic check: Available=251161.8MB/385074.9MB (34.8% used)
[2025-10-29 23:52:18] Active subprocesses: 6
[2025-10-29 23:52:18]   PID 23280: 1988-04-12 | Runtime: 287.5s | Memory: 7331.3MB | Status: running
[2025-10-29 23:52:18]   PID 23432: 1988-04-13 | Runtime: 225.4s | Memory: 6718.7MB | Status: running
[2025-10-29 23:52:18]   PID 23625: 1988-04-14 | Runtime: 191.3s | Memory: 7048.4MB | Status: running
[2025-10-29 23:52:18]   PID 23628: 1988-04-15 | Runtime: 191.3s | Memory: 7088.2MB | Status: running
[2025-10-29 23:52:18]   PID 24796: 1988-04-16 | Runtime: 119.2s | Memory: 4112.4MB | Status: running
[2025-10-29 23:52:18]   PID 24995: 1988-04-17 | Runtime: 86.1s | Memory: 3300.8MB | Status: running
[2025-10-29 23:52:18] Progress: 3 completed, 9 failed, 6 active, 0 pending | Elapsed: 571.0s
[2025-10-29 23:52:48] Memory Stats - Periodic check: Available=250558.0MB/385074.9MB (34.9% used)
[2025-10-29 23:52:48] Active subprocesses: 6
[2025-10-29 23:52:48]   PID 23280: 1988-04-12 | Runtime: 317.6s | Memory: 7577.6MB | Status: sleeping
[2025-10-29 23:52:48]   PID 23432: 1988-04-13 | Runtime: 255.5s | Memory: 6628.3MB | Status: sleeping
[2025-10-29 23:52:48]   PID 23625: 1988-04-14 | Runtime: 221.4s | Memory: 6698.8MB | Status: running
[2025-10-29 23:52:48]   PID 23628: 1988-04-15 | Runtime: 221.4s | Memory: 6698.2MB | Status: running
[2025-10-29 23:52:48]   PID 24796: 1988-04-16 | Runtime: 149.3s | Memory: 4101.3MB | Status: running
[2025-10-29 23:52:48]   PID 24995: 1988-04-17 | Runtime: 116.2s | Memory: 4120.4MB | Status: running
[2025-10-29 23:52:48] Progress: 3 completed, 9 failed, 6 active, 0 pending | Elapsed: 601.1s
[2025-10-29 23:53:18] Memory Stats - Periodic check: Available=248811.9MB/385074.9MB (35.4% used)
[2025-10-29 23:53:18] Active subprocesses: 6
[2025-10-29 23:53:18]   PID 23280: 1988-04-12 | Runtime: 347.7s | Memory: 7255.1MB | Status: sleeping
[2025-10-29 23:53:18]   PID 23432: 1988-04-13 | Runtime: 285.6s | Memory: 7006.6MB | Status: sleeping
[2025-10-29 23:53:18]   PID 23625: 1988-04-14 | Runtime: 251.5s | Memory: 6470.1MB | Status: sleeping
[2025-10-29 23:53:18]   PID 23628: 1988-04-15 | Runtime: 251.5s | Memory: 6587.0MB | Status: sleeping
[2025-10-29 23:53:18]   PID 24796: 1988-04-16 | Runtime: 179.4s | Memory: 5650.6MB | Status: running
[2025-10-29 23:53:18]   PID 24995: 1988-04-17 | Runtime: 146.3s | Memory: 4105.9MB | Status: running
[2025-10-29 23:53:18] Progress: 3 completed, 9 failed, 6 active, 0 pending | Elapsed: 631.2s
[2025-10-29 23:53:26] FAILED: PID 23280 failed for 1988-04-12 (exit code -9) after 355.7s
[2025-10-29 23:53:26]   -> Successfully logged failure to failed_jobs/1988-04-12.json
[2025-10-29 23:53:48] Memory Stats - Periodic check: Available=252045.1MB/385074.9MB (34.5% used)
[2025-10-29 23:53:48] Active subprocesses: 5
[2025-10-29 23:53:48]   PID 23432: 1988-04-13 | Runtime: 315.6s | Memory: 7335.3MB | Status: sleeping
[2025-10-29 23:53:48]   PID 23625: 1988-04-14 | Runtime: 281.5s | Memory: 7226.8MB | Status: sleeping
[2025-10-29 23:53:48]   PID 23628: 1988-04-15 | Runtime: 281.5s | Memory: 7220.7MB | Status: sleeping
[2025-10-29 23:53:48]   PID 24796: 1988-04-16 | Runtime: 209.4s | Memory: 6668.6MB | Status: running
[2025-10-29 23:53:48]   PID 24995: 1988-04-17 | Runtime: 176.3s | Memory: 6072.5MB | Status: running
[2025-10-29 23:53:48] Progress: 3 completed, 10 failed, 5 active, 0 pending | Elapsed: 661.2s
[2025-10-29 23:54:18] Memory Stats - Periodic check: Available=251474.9MB/385074.9MB (34.7% used)
[2025-10-29 23:54:18] Active subprocesses: 5
[2025-10-29 23:54:18]   PID 23432: 1988-04-13 | Runtime: 345.6s | Memory: 7074.0MB | Status: running
[2025-10-29 23:54:18]   PID 23625: 1988-04-14 | Runtime: 311.5s | Memory: 7472.6MB | Status: sleeping
[2025-10-29 23:54:18]   PID 23628: 1988-04-15 | Runtime: 311.5s | Memory: 7601.2MB | Status: sleeping
[2025-10-29 23:54:18]   PID 24796: 1988-04-16 | Runtime: 239.4s | Memory: 6349.6MB | Status: sleeping
[2025-10-29 23:54:18]   PID 24995: 1988-04-17 | Runtime: 206.3s | Memory: 6695.6MB | Status: running
[2025-10-29 23:54:18] Progress: 3 completed, 10 failed, 5 active, 0 pending | Elapsed: 691.2s
[2025-10-29 23:54:31] SUCCESS: PID 23432 completed 1988-04-13 in 358.7s
[2025-10-29 23:54:48] Memory Stats - Periodic check: Available=262507.8MB/385074.9MB (31.8% used)
[2025-10-29 23:54:48] Active subprocesses: 4
[2025-10-29 23:54:48]   PID 23625: 1988-04-14 | Runtime: 341.6s | Memory: 5466.2MB | Status: running
[2025-10-29 23:54:48]   PID 23628: 1988-04-15 | Runtime: 341.6s | Memory: 4622.3MB | Status: running
[2025-10-29 23:54:48]   PID 24796: 1988-04-16 | Runtime: 269.5s | Memory: 6983.1MB | Status: sleeping
[2025-10-29 23:54:48]   PID 24995: 1988-04-17 | Runtime: 236.4s | Memory: 6695.8MB | Status: sleeping
[2025-10-29 23:54:48] Progress: 4 completed, 10 failed, 4 active, 0 pending | Elapsed: 721.3s
[2025-10-29 23:54:50] SUCCESS: PID 23628 completed 1988-04-15 in 343.6s
[2025-10-29 23:54:52] SUCCESS: PID 23625 completed 1988-04-14 in 345.6s
[2025-10-29 23:55:18] Memory Stats - Periodic check: Available=273926.1MB/385074.9MB (28.9% used)
[2025-10-29 23:55:18] Active subprocesses: 2
[2025-10-29 23:55:18]   PID 24796: 1988-04-16 | Runtime: 299.5s | Memory: 5207.1MB | Status: running
[2025-10-29 23:55:18]   PID 24995: 1988-04-17 | Runtime: 266.4s | Memory: 7560.2MB | Status: sleeping
[2025-10-29 23:55:18] Progress: 6 completed, 10 failed, 2 active, 0 pending | Elapsed: 751.3s
[2025-10-29 23:55:20] SUCCESS: PID 24796 completed 1988-04-16 in 301.5s
[2025-10-29 23:55:26] SUCCESS: PID 24995 completed 1988-04-17 in 274.4s
[2025-10-29 23:55:27] ================================================================================
[2025-10-29 23:55:27] Download Processing Complete
[2025-10-29 23:55:27] ================================================================================
[2025-10-29 23:55:27] Total runtime: 760.3s (12.7 minutes)
[2025-10-29 23:55:27] Completed successfully: 8/18
[2025-10-29 23:55:27] Failed: 10/18
[2025-10-29 23:55:27] Failed dates: ['1988-04-05', '1988-04-03', '1988-04-02', '1988-04-07', '1988-04-04', '1988-04-01', '1988-04-11', '1988-04-09', '1988-04-10', '1988-04-12']
[2025-10-29 23:55:27] ================================================================================
[2025-10-29 23:55:27] STARTING AUTOMATIC RETRY PROCESS
[2025-10-29 23:55:27] Will use up to 8 concurrent processes.
[2025-10-29 23:55:27] ================================================================================
[2025-10-29 23:55:27] Launching retry script. Log will be in: logs/retry_driver_20251029_235527.log
[2025-10-29 23:55:28] Retry script finished with exit code 1.
[2025-10-29 23:55:28] Please check logs/retry_driver_20251029_235527.log for details.
[2025-10-29 23:55:28] Memory Stats - Final: Available=286681.5MB/385074.9MB (25.6% used)
[2025-10-29 23:55:28] Cleaned up temporary configuration files
