[2025-10-30 17:10:13] ================================================================================
[2025-10-30 17:10:13] CONUS404 Download Driver Starting
[2025-10-30 17:10:13] ================================================================================
[2025-10-30 17:10:13] Cleared old failure log: data/failed_jobs.json
[2025-10-30 17:10:13] Date range: 1988-09-08 to 1988-09-10
[2025-10-30 17:10:13] Max concurrent processes: 5
[2025-10-30 17:10:13] Log file: logs/driver_20251030_171013.log
[2025-10-30 17:10:13] Memory Stats - Initial: Available=246436.1MB/385075.0MB (36.0% used)
[2025-10-30 17:10:13] Total dates to process: 3
[2025-10-30 17:10:13] ================================================================================
[2025-10-30 17:10:13] Starting download processes
[2025-10-30 17:10:13] ================================================================================
[2025-10-30 17:10:13] Launching download 1/3: 1988-09-08
[2025-10-30 17:10:13] Launched subprocess PID 8857 for 1988-09-08 (log: logs/subprocesses/download_19880908.log)
[2025-10-30 17:10:13] Active subprocesses: 1
[2025-10-30 17:10:13]   PID 8857: 1988-09-08 | Runtime: 0.0s | Memory: 0.0MB | Status: running
[2025-10-30 17:10:13] Launching download 2/3: 1988-09-09
[2025-10-30 17:10:13] Launched subprocess PID 8858 for 1988-09-09 (log: logs/subprocesses/download_19880909.log)
[2025-10-30 17:10:13] Active subprocesses: 2
[2025-10-30 17:10:13]   PID 8857: 1988-09-08 | Runtime: 0.0s | Memory: 3.5MB | Status: running
[2025-10-30 17:10:13]   PID 8858: 1988-09-09 | Runtime: 0.0s | Memory: 0.3MB | Status: running
[2025-10-30 17:10:13] Launching download 3/3: 1988-09-10
[2025-10-30 17:10:13] Launched subprocess PID 8859 for 1988-09-10 (log: logs/subprocesses/download_19880910.log)
[2025-10-30 17:10:13] Active subprocesses: 3
[2025-10-30 17:10:13]   PID 8857: 1988-09-08 | Runtime: 0.0s | Memory: 5.5MB | Status: running
[2025-10-30 17:10:13]   PID 8858: 1988-09-09 | Runtime: 0.0s | Memory: 3.5MB | Status: running
[2025-10-30 17:10:13]   PID 8859: 1988-09-10 | Runtime: 0.0s | Memory: 0.4MB | Status: running
[2025-10-30 17:10:43] Memory Stats - Periodic check: Available=243592.4MB/385075.0MB (36.7% used)
[2025-10-30 17:10:43] Active subprocesses: 3
[2025-10-30 17:10:43]   PID 8857: 1988-09-08 | Runtime: 30.0s | Memory: 1148.7MB | Status: running
[2025-10-30 17:10:43]   PID 8858: 1988-09-09 | Runtime: 30.0s | Memory: 1160.9MB | Status: running
[2025-10-30 17:10:43]   PID 8859: 1988-09-10 | Runtime: 30.0s | Memory: 1155.0MB | Status: running
[2025-10-30 17:10:43] Progress: 0 completed, 0 failed, 3 active, 0 pending | Elapsed: 30.0s
[2025-10-30 17:11:13] Memory Stats - Periodic check: Available=232971.8MB/385075.0MB (39.5% used)
[2025-10-30 17:11:13] Active subprocesses: 3
[2025-10-30 17:11:13]   PID 8857: 1988-09-08 | Runtime: 60.0s | Memory: 4145.9MB | Status: running
[2025-10-30 17:11:13]   PID 8858: 1988-09-09 | Runtime: 60.0s | Memory: 4152.2MB | Status: running
[2025-10-30 17:11:13]   PID 8859: 1988-09-10 | Runtime: 60.0s | Memory: 4142.2MB | Status: running
[2025-10-30 17:11:13] Progress: 0 completed, 0 failed, 3 active, 0 pending | Elapsed: 60.0s
[2025-10-30 17:11:43] Memory Stats - Periodic check: Available=225630.6MB/385075.0MB (41.4% used)
[2025-10-30 17:11:43] Active subprocesses: 3
[2025-10-30 17:11:43]   PID 8857: 1988-09-08 | Runtime: 90.0s | Memory: 6731.5MB | Status: running
[2025-10-30 17:11:43]   PID 8858: 1988-09-09 | Runtime: 90.0s | Memory: 6731.5MB | Status: running
[2025-10-30 17:11:43]   PID 8859: 1988-09-10 | Runtime: 90.0s | Memory: 6731.6MB | Status: running
[2025-10-30 17:11:43] Progress: 0 completed, 0 failed, 3 active, 0 pending | Elapsed: 90.0s
[2025-10-30 17:12:13] Memory Stats - Periodic check: Available=226076.8MB/385075.0MB (41.3% used)
[2025-10-30 17:12:13] Active subprocesses: 3
[2025-10-30 17:12:13]   PID 8857: 1988-09-08 | Runtime: 120.1s | Memory: 7107.0MB | Status: sleeping
[2025-10-30 17:12:13]   PID 8858: 1988-09-09 | Runtime: 120.1s | Memory: 6877.9MB | Status: sleeping
[2025-10-30 17:12:13]   PID 8859: 1988-09-10 | Runtime: 120.1s | Memory: 6939.7MB | Status: sleeping
[2025-10-30 17:12:13] Progress: 0 completed, 0 failed, 3 active, 0 pending | Elapsed: 120.1s
[2025-10-30 17:12:43] Memory Stats - Periodic check: Available=223081.9MB/385075.0MB (42.1% used)
[2025-10-30 17:12:43] Active subprocesses: 3
[2025-10-30 17:12:43]   PID 8857: 1988-09-08 | Runtime: 150.1s | Memory: 7131.5MB | Status: sleeping
[2025-10-30 17:12:43]   PID 8858: 1988-09-09 | Runtime: 150.1s | Memory: 7523.2MB | Status: sleeping
[2025-10-30 17:12:43]   PID 8859: 1988-09-10 | Runtime: 150.1s | Memory: 7468.2MB | Status: sleeping
[2025-10-30 17:12:43] Progress: 0 completed, 0 failed, 3 active, 0 pending | Elapsed: 150.1s
[2025-10-30 17:12:58] SUCCESS: PID 8857 completed 1988-09-08 in 165.1s
[2025-10-30 17:12:59] SUCCESS: PID 8859 completed 1988-09-10 in 166.1s
[2025-10-30 17:13:00] SUCCESS: PID 8858 completed 1988-09-09 in 167.1s
[2025-10-30 17:13:01] ================================================================================
[2025-10-30 17:13:01] Download Processing Complete
[2025-10-30 17:13:01] ================================================================================
[2025-10-30 17:13:01] Total runtime: 168.1s (2.8 minutes)
[2025-10-30 17:13:01] Completed successfully: 3/3
[2025-10-30 17:13:01] Failed: 0/3
[2025-10-30 17:13:01] No failures to retry.
[2025-10-30 17:13:01] Memory Stats - Final: Available=245357.2MB/385075.0MB (36.3% used)
