[2025-10-30 17:13:20] ================================================================================
[2025-10-30 17:13:20] CONUS404 Download Driver Starting
[2025-10-30 17:13:20] ================================================================================
[2025-10-30 17:13:20] Cleared old failure log: data/failed_jobs.json
[2025-10-30 17:13:20] Date range: 1988-02-03 to 1988-02-03
[2025-10-30 17:13:20] Max concurrent processes: 5
[2025-10-30 17:13:20] Log file: logs/driver_20251030_171320.log
[2025-10-30 17:13:20] Memory Stats - Initial: Available=245161.7MB/385075.0MB (36.3% used)
[2025-10-30 17:13:20] Total dates to process: 1
[2025-10-30 17:13:20] ================================================================================
[2025-10-30 17:13:20] Starting download processes
[2025-10-30 17:13:20] ================================================================================
[2025-10-30 17:13:20] Launching download 1/1: 1988-02-03
[2025-10-30 17:13:20] Launched subprocess PID 16773 for 1988-02-03 (log: logs/subprocesses/download_19880203.log)
[2025-10-30 17:13:20] Active subprocesses: 1
[2025-10-30 17:13:20]   PID 16773: 1988-02-03 | Runtime: 0.0s | Memory: 0.0MB | Status: running
[2025-10-30 17:13:50] Memory Stats - Periodic check: Available=242410.1MB/385075.0MB (37.0% used)
[2025-10-30 17:13:50] Active subprocesses: 1
[2025-10-30 17:13:50]   PID 16773: 1988-02-03 | Runtime: 30.0s | Memory: 4157.6MB | Status: running
[2025-10-30 17:13:50] Progress: 0 completed, 0 failed, 1 active, 0 pending | Elapsed: 30.0s
[2025-10-30 17:14:20] Memory Stats - Periodic check: Available=241979.5MB/385075.0MB (37.2% used)
[2025-10-30 17:14:20] Active subprocesses: 1
[2025-10-30 17:14:20]   PID 16773: 1988-02-03 | Runtime: 60.0s | Memory: 7130.6MB | Status: sleeping
[2025-10-30 17:14:20] Progress: 0 completed, 0 failed, 1 active, 0 pending | Elapsed: 60.0s
[2025-10-30 17:14:35] SUCCESS: PID 16773 completed 1988-02-03 in 75.0s
[2025-10-30 17:14:36] ================================================================================
[2025-10-30 17:14:36] Download Processing Complete
[2025-10-30 17:14:36] ================================================================================
[2025-10-30 17:14:36] Total runtime: 76.0s (1.3 minutes)
[2025-10-30 17:14:36] Completed successfully: 1/1
[2025-10-30 17:14:36] Failed: 0/1
[2025-10-30 17:14:36] No failures to retry.
[2025-10-30 17:14:36] Memory Stats - Final: Available=249073.2MB/385075.0MB (35.3% used)
