[2025-10-30 11:10:25] Starting download process for 1988-11-14
[2025-10-30 11:10:25] PID: 30773
[2025-10-30 11:10:25] DOWNLOAD START: 1988-11-14
[2025-10-30 11:10:25] Memory before download: RSS=77.1MB, System=24.5%
[2025-10-30 11:10:25]   VERBOSE: Time range set: 1988-11-14 00:00:00 to 1988-11-14 23:59:59
[2025-10-30 11:10:25] Opening dataset for 1988-11-14
[2025-10-30 11:10:25]   VERBOSE: Asset Href: az://noaa/conus404.zarr
[2025-10-30 11:10:25]   VERBOSE: fsspec mapper created
[2025-10-30 11:10:26] ERROR: Failed to open dataset. Exception: Server failed to authenticate the request. Make sure the value of Authorization header is formed correctly including the signature.
RequestId:59b0cec8-f01e-0021-0aaf-49adc0000000
Time:2025-10-30T15:10:26.7904553Z
ErrorCode:AuthenticationFailed
authenticationerrordetail:Signature not valid in the specified time frame: Start [Wed, 29 Oct 2025 14:21:27 GMT] - Expiry [Thu, 30 Oct 2025 15:06:27 GMT] - Current [Thu, 30 Oct 2025 15:10:26 GMT]
Content: <?xml version="1.0" encoding="utf-8"?><Error><Code>AuthenticationFailed</Code><Message>Server failed to authenticate the request. Make sure the value of Authorization header is formed correctly including the signature.
RequestId:59b0cec8-f01e-0021-0aaf-49adc0000000
Time:2025-10-30T15:10:26.7904553Z</Message><AuthenticationErrorDetail>Signature not valid in the specified time frame: Start [Wed, 29 Oct 2025 14:21:27 GMT] - Expiry [Thu, 30 Oct 2025 15:06:27 GMT] - Current [Thu, 30 Oct 2025 15:10:26 GMT]</AuthenticationErrorDetail></Error>
[2025-10-30 11:10:26] CRITICAL: Logged failure to failed_jobs/1988-11-14.json
[2025-10-30 11:10:26] FAILED: Download unsuccessful (see errors above and failure log)
Traceback (most recent call last):
  File "/usr/local/other/GEOSpyD/24.3.0-0/2024-08-29/envs/py3.12/lib/python3.12/weakref.py", line 666, in _exitfunc
    f()
  File "/usr/local/other/GEOSpyD/24.3.0-0/2024-08-29/envs/py3.12/lib/python3.12/weakref.py", line 590, in __call__
    return info.func(*info.args, **(info.kwargs or {}))
           ^^^^^^^^^^^^^^^^^^^^^^^^^^^^^^^^^^^^^^^^^^^^
  File "/gpfsm/dnb33/hpmille1/venv/lib/python3.12/site-packages/fsspec/asyn.py", line 76, in sync
    raise RuntimeError("Loop is not running")
RuntimeError: Loop is not running
Traceback (most recent call last):
  File "/usr/local/other/GEOSpyD/24.3.0-0/2024-08-29/envs/py3.12/lib/python3.12/weakref.py", line 666, in _exitfunc
    f()
  File "/usr/local/other/GEOSpyD/24.3.0-0/2024-08-29/envs/py3.12/lib/python3.12/weakref.py", line 590, in __call__
    return info.func(*info.args, **(info.kwargs or {}))
           ^^^^^^^^^^^^^^^^^^^^^^^^^^^^^^^^^^^^^^^^^^^^
  File "/gpfsm/dnb33/hpmille1/venv/lib/python3.12/site-packages/fsspec/asyn.py", line 76, in sync
    raise RuntimeError("Loop is not running")
RuntimeError: Loop is not running
