Traceback (most recent call last):
  File "/gpfsm/dnb33/hpmille1/pipeline/src/single_download.py", line 17, in <module>
    import planetary_computer
  File "/gpfsm/dnb33/hpmille1/venv/lib/python3.12/site-packages/planetary_computer/__init__.py", line 4, in <module>
    from planetary_computer.sas import (
  File "/gpfsm/dnb33/hpmille1/venv/lib/python3.12/site-packages/planetary_computer/sas.py", line 14, in <module>
    from pydantic import BaseModel, Field
  File "<frozen importlib._bootstrap>", line 1412, in _handle_fromlist
  File "/gpfsm/dnb33/hpmille1/venv/lib/python3.12/site-packages/pydantic/__init__.py", line 446, in __getattr__
    module = import_module(module_name, package=package)
             ^^^^^^^^^^^^^^^^^^^^^^^^^^^^^^^^^^^^^^^^^^^
  File "/usr/local/other/GEOSpyD/24.3.0-0/2024-08-29/envs/py3.12/lib/python3.12/importlib/__init__.py", line 90, in import_module
    return _bootstrap._gcd_import(name[level:], package, level)
           ^^^^^^^^^^^^^^^^^^^^^^^^^^^^^^^^^^^^^^^^^^^^^^^^^^^^
  File "/gpfsm/dnb33/hpmille1/venv/lib/python3.12/site-packages/pydantic/fields.py", line 23, in <module>
    from . import types
  File "/gpfsm/dnb33/hpmille1/venv/lib/python3.12/site-packages/pydantic/types.py", line 2471, in <module>
    @_dataclasses.dataclass(**_internal_dataclass.slots_true)
     ^^^^^^^^^^^^^^^^^^^^^^^^^^^^^^^^^^^^^^^^^^^^^^^^^^^^^^^^
  File "/usr/local/other/GEOSpyD/24.3.0-0/2024-08-29/envs/py3.12/lib/python3.12/dataclasses.py", line 1265, in wrap
    return _process_class(cls, init, repr, eq, order, unsafe_hash,
           ^^^^^^^^^^^^^^^^^^^^^^^^^^^^^^^^^^^^^^^^^^^^^^^^^^^^^^^
  File "/usr/local/other/GEOSpyD/24.3.0-0/2024-08-29/envs/py3.12/lib/python3.12/dataclasses.py", line 1083, in _process_class
    _set_new_attribute(cls, '__repr__', _repr_fn(flds, globals))
                                        ^^^^^^^^^^^^^^^^^^^^^^^
  File "/usr/local/other/GEOSpyD/24.3.0-0/2024-08-29/envs/py3.12/lib/python3.12/dataclasses.py", line 628, in _repr_fn
    fn = _create_fn('__repr__',
         ^^^^^^^^^^^^^^^^^^^^^^
  File "/usr/local/other/GEOSpyD/24.3.0-0/2024-08-29/envs/py3.12/lib/python3.12/dataclasses.py", line 473, in _create_fn
    exec(txt, globals, ns)
  File "<string>", line 0, in <module>
KeyboardInterrupt
