Traceback (most recent call last):
  File "/gpfsm/dnb33/hpmille1/pipeline/src/single_download.py", line 12, in <module>
    import xarray as xr
  File "/gpfsm/dnb33/hpmille1/venv/lib/python3.12/site-packages/xarray/__init__.py", line 3, in <module>
    from xarray import coders, groupers, indexes, testing, tutorial, ufuncs
  File "/gpfsm/dnb33/hpmille1/venv/lib/python3.12/site-packages/xarray/tutorial.py", line 18, in <module>
    from xarray.backends.api import open_dataset as _open_dataset
  File "/gpfsm/dnb33/hpmille1/venv/lib/python3.12/site-packages/xarray/backends/__init__.py", line 18, in <module>
    from xarray.backends.scipy_ import ScipyBackendEntrypoint, ScipyDataStore
  File "/gpfsm/dnb33/hpmille1/venv/lib/python3.12/site-packages/xarray/backends/scipy_.py", line 39, in <module>
    from scipy.io import netcdf_file as netcdf_file_base
  File "/gpfsm/dnb33/hpmille1/venv/lib/python3.12/site-packages/scipy/io/__init__.py", line 110, in <module>
    from . import arff, harwell_boeing, idl, mmio, netcdf, wavfile
  File "/gpfsm/dnb33/hpmille1/venv/lib/python3.12/site-packages/scipy/io/arff/__init__.py", line 18, in <module>
    from ._arffread import *
  File "<frozen importlib._bootstrap>", line 1360, in _find_and_load
  File "<frozen importlib._bootstrap>", line 1331, in _find_and_load_unlocked
  File "<frozen importlib._bootstrap>", line 935, in _load_unlocked
  File "<frozen importlib._bootstrap_external>", line 991, in exec_module
  File "<frozen importlib._bootstrap_external>", line 1124, in get_code
  File "<frozen importlib._bootstrap_external>", line 753, in _compile_bytecode
KeyboardInterrupt
