[2025-10-30 02:15:59] Starting download process for 1988-04-07
[2025-10-30 02:15:59] PID: 47800
[2025-10-30 02:15:59] DOWNLOAD START: 1988-04-07
[2025-10-30 02:15:59] Memory before download: RSS=77.0MB, System=25.1%
[2025-10-30 02:15:59]   VERBOSE: Time range set: 1988-04-07 00:00:00 to 1988-04-07 23:59:59
[2025-10-30 02:15:59] Opening dataset for 1988-04-07
[2025-10-30 02:15:59]   VERBOSE: Asset Href: az://noaa/conus404.zarr
[2025-10-30 02:16:04]   VERBOSE: fsspec mapper created
Traceback (most recent call last):
  File "/gpfsm/dnb33/hpmille1/pipeline/src/single_download.py", line 280, in <module>
    result = download_single_day(
             ^^^^^^^^^^^^^^^^^^^^
  File "/gpfsm/dnb33/hpmille1/pipeline/src/single_download.py", line 105, in download_single_day
    ds = xr.open_zarr(mapper, **open_kwargs)
         ^^^^^^^^^^^^^^^^^^^^^^^^^^^^^^^^^^^
  File "/gpfsm/dnb33/hpmille1/venv/lib/python3.12/site-packages/xarray/backends/zarr.py", line 1586, in open_zarr
    ds = open_dataset(
         ^^^^^^^^^^^^^
  File "/gpfsm/dnb33/hpmille1/venv/lib/python3.12/site-packages/xarray/backends/api.py", line 602, in open_dataset
    ds = _dataset_from_backend_dataset(
         ^^^^^^^^^^^^^^^^^^^^^^^^^^^^^^
  File "/gpfsm/dnb33/hpmille1/venv/lib/python3.12/site-packages/xarray/backends/api.py", line 297, in _dataset_from_backend_dataset
    ds = _chunk_ds(
         ^^^^^^^^^^
  File "/gpfsm/dnb33/hpmille1/venv/lib/python3.12/site-packages/xarray/backends/api.py", line 248, in _chunk_ds
    variables[name] = _maybe_chunk(
                      ^^^^^^^^^^^^^
  File "/gpfsm/dnb33/hpmille1/venv/lib/python3.12/site-packages/xarray/structure/chunks.py", line 151, in _maybe_chunk
    var = var.chunk(
          ^^^^^^^^^^
  File "/gpfsm/dnb33/hpmille1/venv/lib/python3.12/site-packages/xarray/core/variable.py", line 2718, in chunk
    return super().chunk(
           ^^^^^^^^^^^^^^
  File "/gpfsm/dnb33/hpmille1/venv/lib/python3.12/site-packages/xarray/namedarray/core.py", line 851, in chunk
    data_chunked = chunkmanager.from_array(ndata, chunks, **from_array_kwargs)  # type: ignore[arg-type]
                   ^^^^^^^^^^^^^^^^^^^^^^^^^^^^^^^^^^^^^^^^^^^^^^^^^^^^^^^^^^^
  File "/gpfsm/dnb33/hpmille1/venv/lib/python3.12/site-packages/xarray/namedarray/daskmanager.py", line 74, in from_array
    return da.from_array(
           ^^^^^^^^^^^^^^
  File "/gpfsm/dnb33/hpmille1/venv/lib/python3.12/site-packages/dask/array/core.py", line 3699, in from_array
    dsk = graph_from_arraylike(
          ^^^^^^^^^^^^^^^^^^^^^
  File "/gpfsm/dnb33/hpmille1/venv/lib/python3.12/site-packages/dask/array/core.py", line 336, in graph_from_arraylike
    layers[name] = core_blockwise(
                   ^^^^^^^^^^^^^^^
  File "/gpfsm/dnb33/hpmille1/venv/lib/python3.12/site-packages/dask/blockwise.py", line 453, in blockwise
    subgraph = Blockwise(
               ^^^^^^^^^^
  File "/gpfsm/dnb33/hpmille1/venv/lib/python3.12/site-packages/dask/blockwise.py", line 564, in __init__
    name = tokenize(dep)
           ^^^^^^^^^^^^^
  File "/gpfsm/dnb33/hpmille1/venv/lib/python3.12/site-packages/dask/tokenize.py", line 76, in tokenize
    return _tokenize(*args, **kwargs)
           ^^^^^^^^^^^^^^^^^^^^^^^^^^
  File "/gpfsm/dnb33/hpmille1/venv/lib/python3.12/site-packages/dask/tokenize.py", line 39, in _tokenize
    return hashlib.md5(str(token).encode(), usedforsecurity=False).hexdigest()
                       ^^^^^^^^^^
KeyboardInterrupt
Traceback (most recent call last):
  File "/usr/local/other/GEOSpyD/24.3.0-0/2024-08-29/envs/py3.12/lib/python3.12/weakref.py", line 666, in _exitfunc
    f()
  File "/usr/local/other/GEOSpyD/24.3.0-0/2024-08-29/envs/py3.12/lib/python3.12/weakref.py", line 590, in __call__
    return info.func(*info.args, **(info.kwargs or {}))
           ^^^^^^^^^^^^^^^^^^^^^^^^^^^^^^^^^^^^^^^^^^^^
  File "/gpfsm/dnb33/hpmille1/venv/lib/python3.12/site-packages/fsspec/asyn.py", line 76, in sync
    raise RuntimeError("Loop is not running")
RuntimeError: Loop is not running
Traceback (most recent call last):
  File "/usr/local/other/GEOSpyD/24.3.0-0/2024-08-29/envs/py3.12/lib/python3.12/weakref.py", line 666, in _exitfunc
    f()
  File "/usr/local/other/GEOSpyD/24.3.0-0/2024-08-29/envs/py3.12/lib/python3.12/weakref.py", line 590, in __call__
    return info.func(*info.args, **(info.kwargs or {}))
           ^^^^^^^^^^^^^^^^^^^^^^^^^^^^^^^^^^^^^^^^^^^^
  File "/gpfsm/dnb33/hpmille1/venv/lib/python3.12/site-packages/fsspec/asyn.py", line 76, in sync
    raise RuntimeError("Loop is not running")
RuntimeError: Loop is not running
