Starting CONUS404 download driver at 2025-10-30 00:52:17.315350
[2025-10-30 00:5217] ================================================================================
[2025-10-30 00:5217] CONUS404 Download Driver Starting
[2025-10-30 00:5217] ================================================================================
[2025-10-30 00:5217] Date range: 1988-03-31 to 1988-04-17
[2025-10-30 00:5217] Max concurrent processes: 8
[2025-10-30 00:5217] Log file: logs/driver_20251030_005217.log
[2025-10-30 00:5217] Checking for and clearing old failure log: data/failed_jobs.json
[2025-10-30 00:5217] Memory Stats - Initial: Available=287398.6MB/385074.9MB (25.4% used)
[2025-10-30 00:5217] Fetching CONUS404 asset from Planetary Computer...
[2025-10-30 00:5219] Asset URL: az://noaa/conus404.zarr
[2025-10-30 00:5219] Asset configuration saved
[2025-10-30 00:5219] Total dates to process: 18
[2025-10-30 00:5219] ================================================================================
[2025-10-30 00:5219] Starting download processes
[2025-10-30 00:5219] ================================================================================
[2025-10-30 00:5219] Launching download 1/18: 1988-03-31
[2025-10-30 00:5219] Launched subprocess PID 46628 for 1988-03-31 (log: logs/subprocesses/download_19880331.log)
[2025-10-30 00:5219] Active subprocesses: 1
[2025-10-30 00:5219]   PID 46628: 1988-03-31 | Runtime: 0.0s | Memory: 0.0MB | Status: running
[2025-10-30 00:5219] Launching download 2/18: 1988-04-01
[2025-10-30 00:5219] Launched subprocess PID 46629 for 1988-04-01 (log: logs/subprocesses/download_19880401.log)
[2025-10-30 00:5219] Active subprocesses: 2
[2025-10-30 00:5219]   PID 46628: 1988-03-31 | Runtime: 0.0s | Memory: 1.7MB | Status: running
[2025-10-30 00:5219]   PID 46629: 1988-04-01 | Runtime: 0.0s | Memory: 0.3MB | Status: running
[2025-10-30 00:5219] Launching download 3/18: 1988-04-02
[2025-10-30 00:5219] Launched subprocess PID 46630 for 1988-04-02 (log: logs/subprocesses/download_19880402.log)
[2025-10-30 00:5219] Active subprocesses: 3
[2025-10-30 00:5219]   PID 46628: 1988-03-31 | Runtime: 0.0s | Memory: 4.8MB | Status: running
[2025-10-30 00:5219]   PID 46629: 1988-04-01 | Runtime: 0.0s | Memory: 3.5MB | Status: running
[2025-10-30 00:5219]   PID 46630: 1988-04-02 | Runtime: 0.0s | Memory: 0.5MB | Status: running
[2025-10-30 00:5219] Launching download 4/18: 1988-04-03
[2025-10-30 00:5219] Launched subprocess PID 46631 for 1988-04-03 (log: logs/subprocesses/download_19880403.log)
[2025-10-30 00:5219] Active subprocesses: 4
[2025-10-30 00:5219]   PID 46628: 1988-03-31 | Runtime: 0.0s | Memory: 5.3MB | Status: running
[2025-10-30 00:5219]   PID 46629: 1988-04-01 | Runtime: 0.0s | Memory: 5.1MB | Status: running
[2025-10-30 00:5219]   PID 46630: 1988-04-02 | Runtime: 0.0s | Memory: 2.4MB | Status: running
[2025-10-30 00:5219]   PID 46631: 1988-04-03 | Runtime: 0.0s | Memory: 0.5MB | Status: running
[2025-10-30 00:5219] Launching download 5/18: 1988-04-04
[2025-10-30 00:5219] Launched subprocess PID 46632 for 1988-04-04 (log: logs/subprocesses/download_19880404.log)
[2025-10-30 00:5219] Active subprocesses: 5
[2025-10-30 00:5219]   PID 46628: 1988-03-31 | Runtime: 0.0s | Memory: 6.2MB | Status: running
[2025-10-30 00:5219]   PID 46629: 1988-04-01 | Runtime: 0.0s | Memory: 5.8MB | Status: running
[2025-10-30 00:5219]   PID 46630: 1988-04-02 | Runtime: 0.0s | Memory: 4.6MB | Status: running
[2025-10-30 00:5219]   PID 46631: 1988-04-03 | Runtime: 0.0s | Memory: 2.2MB | Status: running
[2025-10-30 00:5219]   PID 46632: 1988-04-04 | Runtime: 0.0s | Memory: 0.5MB | Status: running
[2025-10-30 00:5219] Launching download 6/18: 1988-04-05
[2025-10-30 00:5219] Launched subprocess PID 46633 for 1988-04-05 (log: logs/subprocesses/download_19880405.log)
[2025-10-30 00:5219] Active subprocesses: 6
[2025-10-30 00:5219]   PID 46628: 1988-03-31 | Runtime: 0.0s | Memory: 6.8MB | Status: running
[2025-10-30 00:5219]   PID 46629: 1988-04-01 | Runtime: 0.0s | Memory: 6.4MB | Status: running
[2025-10-30 00:5219]   PID 46630: 1988-04-02 | Runtime: 0.0s | Memory: 5.8MB | Status: running
[2025-10-30 00:5219]   PID 46631: 1988-04-03 | Runtime: 0.0s | Memory: 4.8MB | Status: running
[2025-10-30 00:5219]   PID 46632: 1988-04-04 | Runtime: 0.0s | Memory: 3.5MB | Status: running
[2025-10-30 00:5219]   PID 46633: 1988-04-05 | Runtime: 0.0s | Memory: 1.8MB | Status: running
[2025-10-30 00:5219] Launching download 7/18: 1988-04-06
[2025-10-30 00:5219] Launched subprocess PID 46634 for 1988-04-06 (log: logs/subprocesses/download_19880406.log)
[2025-10-30 00:5219] Active subprocesses: 7
[2025-10-30 00:5219]   PID 46628: 1988-03-31 | Runtime: 0.0s | Memory: 7.2MB | Status: running
[2025-10-30 00:5219]   PID 46629: 1988-04-01 | Runtime: 0.0s | Memory: 7.1MB | Status: running
[2025-10-30 00:5219]   PID 46630: 1988-04-02 | Runtime: 0.0s | Memory: 6.7MB | Status: running
[2025-10-30 00:5219]   PID 46631: 1988-04-03 | Runtime: 0.0s | Memory: 5.6MB | Status: running
[2025-10-30 00:5219]   PID 46632: 1988-04-04 | Runtime: 0.0s | Memory: 4.9MB | Status: running
[2025-10-30 00:5219]   PID 46633: 1988-04-05 | Runtime: 0.0s | Memory: 3.4MB | Status: running
[2025-10-30 00:5219]   PID 46634: 1988-04-06 | Runtime: 0.0s | Memory: 1.6MB | Status: running
[2025-10-30 00:5219] Launching download 8/18: 1988-04-07
[2025-10-30 00:5219] Launched subprocess PID 46635 for 1988-04-07 (log: logs/subprocesses/download_19880407.log)
[2025-10-30 00:5219] Active subprocesses: 8
[2025-10-30 00:5219]   PID 46628: 1988-03-31 | Runtime: 0.0s | Memory: 7.4MB | Status: running
[2025-10-30 00:5219]   PID 46629: 1988-04-01 | Runtime: 0.0s | Memory: 7.3MB | Status: running
[2025-10-30 00:5219]   PID 46630: 1988-04-02 | Runtime: 0.0s | Memory: 6.8MB | Status: running
[2025-10-30 00:5220]   PID 46631: 1988-04-03 | Runtime: 0.0s | Memory: 6.4MB | Status: running
[2025-10-30 00:5220]   PID 46632: 1988-04-04 | Runtime: 0.0s | Memory: 6.1MB | Status: running
[2025-10-30 00:5220]   PID 46633: 1988-04-05 | Runtime: 0.0s | Memory: 5.3MB | Status: running
[2025-10-30 00:5220]   PID 46634: 1988-04-06 | Runtime: 0.0s | Memory: 3.6MB | Status: running
[2025-10-30 00:5220]   PID 46635: 1988-04-07 | Runtime: 0.0s | Memory: 1.5MB | Status: running
[2025-10-30 00:5250] Memory Stats - Periodic check: Available=278248.9MB/385074.9MB (27.7% used)
[2025-10-30 00:5250] Active subprocesses: 8
[2025-10-30 00:5250]   PID 46628: 1988-03-31 | Runtime: 30.1s | Memory: 1167.0MB | Status: running
[2025-10-30 00:5250]   PID 46629: 1988-04-01 | Runtime: 30.1s | Memory: 1164.4MB | Status: running
[2025-10-30 00:5250]   PID 46630: 1988-04-02 | Runtime: 30.1s | Memory: 1149.0MB | Status: running
[2025-10-30 00:5250]   PID 46631: 1988-04-03 | Runtime: 30.1s | Memory: 1152.0MB | Status: running
[2025-10-30 00:5250]   PID 46632: 1988-04-04 | Runtime: 30.1s | Memory: 1143.9MB | Status: running
[2025-10-30 00:5250]   PID 46633: 1988-04-05 | Runtime: 30.1s | Memory: 1133.6MB | Status: running
[2025-10-30 00:5250]   PID 46634: 1988-04-06 | Runtime: 30.0s | Memory: 1164.2MB | Status: running
[2025-10-30 00:5250]   PID 46635: 1988-04-07 | Runtime: 30.0s | Memory: 1164.0MB | Status: running
[2025-10-30 00:5250] Progress: 0 completed, 0 failed, 8 active, 10 pending | Elapsed: 30.1s
[2025-10-30 00:5320] Memory Stats - Periodic check: Available=268466.9MB/385074.9MB (30.3% used)
[2025-10-30 00:5320] Active subprocesses: 8
[2025-10-30 00:5320]   PID 46628: 1988-03-31 | Runtime: 60.1s | Memory: 2342.7MB | Status: running
[2025-10-30 00:5320]   PID 46629: 1988-04-01 | Runtime: 60.1s | Memory: 2372.7MB | Status: running
[2025-10-30 00:5320]   PID 46630: 1988-04-02 | Runtime: 60.1s | Memory: 2342.2MB | Status: running
[2025-10-30 00:5320]   PID 46631: 1988-04-03 | Runtime: 60.1s | Memory: 2371.7MB | Status: running
[2025-10-30 00:5320]   PID 46632: 1988-04-04 | Runtime: 60.1s | Memory: 2334.3MB | Status: running
[2025-10-30 00:5320]   PID 46633: 1988-04-05 | Runtime: 60.1s | Memory: 2331.2MB | Status: running
[2025-10-30 00:5320]   PID 46634: 1988-04-06 | Runtime: 60.1s | Memory: 2374.4MB | Status: running
[2025-10-30 00:5320]   PID 46635: 1988-04-07 | Runtime: 60.1s | Memory: 2369.8MB | Status: running
[2025-10-30 00:5320] Progress: 0 completed, 0 failed, 8 active, 10 pending | Elapsed: 60.1s
[2025-10-30 00:5350] Memory Stats - Periodic check: Available=258782.6MB/385074.9MB (32.8% used)
[2025-10-30 00:5350] Active subprocesses: 8
[2025-10-30 00:5350]   PID 46628: 1988-03-31 | Runtime: 90.1s | Memory: 3546.4MB | Status: running
[2025-10-30 00:5350]   PID 46629: 1988-04-01 | Runtime: 90.1s | Memory: 3590.3MB | Status: running
[2025-10-30 00:5350]   PID 46630: 1988-04-02 | Runtime: 90.1s | Memory: 3547.2MB | Status: running
[2025-10-30 00:5350]   PID 46631: 1988-04-03 | Runtime: 90.1s | Memory: 3599.7MB | Status: running
[2025-10-30 00:5350]   PID 46632: 1988-04-04 | Runtime: 90.1s | Memory: 3548.1MB | Status: running
[2025-10-30 00:5350]   PID 46633: 1988-04-05 | Runtime: 90.1s | Memory: 3555.2MB | Status: running
[2025-10-30 00:5350]   PID 46634: 1988-04-06 | Runtime: 90.1s | Memory: 3585.9MB | Status: running
[2025-10-30 00:5350]   PID 46635: 1988-04-07 | Runtime: 90.1s | Memory: 3582.3MB | Status: running
[2025-10-30 00:5350] Progress: 0 completed, 0 failed, 8 active, 10 pending | Elapsed: 90.1s
[2025-10-30 00:5420] Memory Stats - Periodic check: Available=254046.2MB/385074.9MB (34.0% used)
[2025-10-30 00:5420] Active subprocesses: 8
[2025-10-30 00:5420]   PID 46628: 1988-03-31 | Runtime: 120.2s | Memory: 4188.1MB | Status: running
[2025-10-30 00:5420]   PID 46629: 1988-04-01 | Runtime: 120.2s | Memory: 4147.8MB | Status: running
[2025-10-30 00:5420]   PID 46630: 1988-04-02 | Runtime: 120.2s | Memory: 4148.8MB | Status: running
[2025-10-30 00:5420]   PID 46631: 1988-04-03 | Runtime: 120.2s | Memory: 4149.4MB | Status: running
[2025-10-30 00:5420]   PID 46632: 1988-04-04 | Runtime: 120.2s | Memory: 4144.8MB | Status: running
[2025-10-30 00:5420]   PID 46633: 1988-04-05 | Runtime: 120.2s | Memory: 4146.2MB | Status: running
[2025-10-30 00:5420]   PID 46634: 1988-04-06 | Runtime: 120.2s | Memory: 4148.4MB | Status: running
[2025-10-30 00:5420]   PID 46635: 1988-04-07 | Runtime: 120.1s | Memory: 4133.0MB | Status: running
[2025-10-30 00:5420] Progress: 0 completed, 0 failed, 8 active, 10 pending | Elapsed: 120.2s
[2025-10-30 00:5450] Memory Stats - Periodic check: Available=251323.1MB/385074.9MB (34.7% used)
[2025-10-30 00:5450] Active subprocesses: 8
[2025-10-30 00:5450]   PID 46628: 1988-03-31 | Runtime: 150.2s | Memory: 4236.6MB | Status: running
[2025-10-30 00:5450]   PID 46629: 1988-04-01 | Runtime: 150.2s | Memory: 4646.4MB | Status: running
[2025-10-30 00:5450]   PID 46630: 1988-04-02 | Runtime: 150.2s | Memory: 4436.2MB | Status: running
[2025-10-30 00:5450]   PID 46631: 1988-04-03 | Runtime: 150.2s | Memory: 4614.1MB | Status: running
[2025-10-30 00:5450]   PID 46632: 1988-04-04 | Runtime: 150.2s | Memory: 4388.1MB | Status: running
[2025-10-30 00:5450]   PID 46633: 1988-04-05 | Runtime: 150.2s | Memory: 4357.7MB | Status: running
[2025-10-30 00:5450]   PID 46634: 1988-04-06 | Runtime: 150.2s | Memory: 4581.8MB | Status: running
[2025-10-30 00:5450]   PID 46635: 1988-04-07 | Runtime: 150.2s | Memory: 4685.8MB | Status: running
[2025-10-30 00:5450] Progress: 0 completed, 0 failed, 8 active, 10 pending | Elapsed: 150.2s
[2025-10-30 00:5455] FAILED: PID 46629 failed for 1988-04-01 (exit code -9) after 155.2s
[2025-10-30 00:5455]   -> Successfully logged failure for 1988-04-01 to data/failed_jobs.json
[2025-10-30 00:5455] Launching download 9/18: 1988-04-08
[2025-10-30 00:5455] Launched subprocess PID 47318 for 1988-04-08 (log: logs/subprocesses/download_19880408.log)
[2025-10-30 00:5455] Active subprocesses: 8
[2025-10-30 00:5455]   PID 46628: 1988-03-31 | Runtime: 155.2s | Memory: 4669.2MB | Status: running
[2025-10-30 00:5455]   PID 46630: 1988-04-02 | Runtime: 155.2s | Memory: 4756.4MB | Status: running
[2025-10-30 00:5455]   PID 46631: 1988-04-03 | Runtime: 155.2s | Memory: 4997.0MB | Status: running
[2025-10-30 00:5455]   PID 46632: 1988-04-04 | Runtime: 155.2s | Memory: 4814.7MB | Status: running
[2025-10-30 00:5455]   PID 46633: 1988-04-05 | Runtime: 155.2s | Memory: 4793.9MB | Status: running
[2025-10-30 00:5455]   PID 46634: 1988-04-06 | Runtime: 155.2s | Memory: 4953.8MB | Status: running
[2025-10-30 00:5455]   PID 46635: 1988-04-07 | Runtime: 155.2s | Memory: 4826.9MB | Status: running
[2025-10-30 00:5455]   PID 47318: 1988-04-08 | Runtime: 0.0s | Memory: 1.6MB | Status: running
[2025-10-30 00:5502] FAILED: PID 46632 failed for 1988-04-04 (exit code -9) after 162.2s
[2025-10-30 00:5502]   -> Successfully logged failure for 1988-04-04 to data/failed_jobs.json
[2025-10-30 00:5502] Launching download 10/18: 1988-04-09
[2025-10-30 00:5502] Launched subprocess PID 47371 for 1988-04-09 (log: logs/subprocesses/download_19880409.log)
[2025-10-30 00:5502] Active subprocesses: 8
[2025-10-30 00:5502]   PID 46628: 1988-03-31 | Runtime: 162.2s | Memory: 5185.0MB | Status: running
[2025-10-30 00:5502]   PID 46630: 1988-04-02 | Runtime: 162.2s | Memory: 5378.5MB | Status: running
[2025-10-30 00:5502]   PID 46631: 1988-04-03 | Runtime: 162.2s | Memory: 5623.4MB | Status: running
[2025-10-30 00:5502]   PID 46633: 1988-04-05 | Runtime: 162.2s | Memory: 5680.8MB | Status: running
[2025-10-30 00:5502]   PID 46634: 1988-04-06 | Runtime: 162.2s | Memory: 5570.1MB | Status: running
[2025-10-30 00:5502]   PID 46635: 1988-04-07 | Runtime: 162.2s | Memory: 5454.5MB | Status: running
[2025-10-30 00:5502]   PID 47318: 1988-04-08 | Runtime: 7.0s | Memory: 174.1MB | Status: running
[2025-10-30 00:5502]   PID 47371: 1988-04-09 | Runtime: 0.0s | Memory: 1.9MB | Status: running
[2025-10-30 00:5515] FAILED: PID 46635 failed for 1988-04-07 (exit code -9) after 175.3s
[2025-10-30 00:5515]   -> Successfully logged failure for 1988-04-07 to data/failed_jobs.json
[2025-10-30 00:5515] Launching download 11/18: 1988-04-10
[2025-10-30 00:5515] Launched subprocess PID 47420 for 1988-04-10 (log: logs/subprocesses/download_19880410.log)
[2025-10-30 00:5515] Active subprocesses: 8
[2025-10-30 00:5515]   PID 46628: 1988-03-31 | Runtime: 175.4s | Memory: 5996.9MB | Status: running
[2025-10-30 00:5515]   PID 46630: 1988-04-02 | Runtime: 175.3s | Memory: 5971.0MB | Status: running
[2025-10-30 00:5515]   PID 46631: 1988-04-03 | Runtime: 175.3s | Memory: 6896.7MB | Status: running
[2025-10-30 00:5515]   PID 46633: 1988-04-05 | Runtime: 175.3s | Memory: 6041.1MB | Status: running
[2025-10-30 00:5515]   PID 46634: 1988-04-06 | Runtime: 175.3s | Memory: 6161.3MB | Status: running
[2025-10-30 00:5515]   PID 47318: 1988-04-08 | Runtime: 20.2s | Memory: 584.3MB | Status: running
[2025-10-30 00:5515]   PID 47371: 1988-04-09 | Runtime: 13.2s | Memory: 273.8MB | Status: running
[2025-10-30 00:5515]   PID 47420: 1988-04-10 | Runtime: 0.0s | Memory: 2.1MB | Status: running
[2025-10-30 00:5520] Memory Stats - Periodic check: Available=250637.5MB/385074.9MB (34.9% used)
[2025-10-30 00:5520] Active subprocesses: 8
[2025-10-30 00:5520]   PID 46628: 1988-03-31 | Runtime: 180.4s | Memory: 6171.7MB | Status: running
[2025-10-30 00:5520]   PID 46630: 1988-04-02 | Runtime: 180.4s | Memory: 7003.5MB | Status: running
[2025-10-30 00:5520]   PID 46631: 1988-04-03 | Runtime: 180.4s | Memory: 7125.2MB | Status: running
[2025-10-30 00:5520]   PID 46633: 1988-04-05 | Runtime: 180.3s | Memory: 7086.6MB | Status: running
[2025-10-30 00:5520]   PID 46634: 1988-04-06 | Runtime: 180.3s | Memory: 7127.4MB | Status: running
[2025-10-30 00:5520]   PID 47318: 1988-04-08 | Runtime: 25.2s | Memory: 703.3MB | Status: running
[2025-10-30 00:5520]   PID 47371: 1988-04-09 | Runtime: 18.2s | Memory: 382.3MB | Status: running
[2025-10-30 00:5520]   PID 47420: 1988-04-10 | Runtime: 5.0s | Memory: 81.6MB | Status: running
[2025-10-30 00:5520] Progress: 0 completed, 3 failed, 8 active, 7 pending | Elapsed: 180.4s
[2025-10-30 00:5526] FAILED: PID 46628 failed for 1988-03-31 (exit code -9) after 186.4s
[2025-10-30 00:5526]   -> Successfully logged failure for 1988-03-31 to data/failed_jobs.json
[2025-10-30 00:5526] Launching download 12/18: 1988-04-11
[2025-10-30 00:5526] Launched subprocess PID 47508 for 1988-04-11 (log: logs/subprocesses/download_19880411.log)
[2025-10-30 00:5526] Active subprocesses: 8
[2025-10-30 00:5526]   PID 46630: 1988-04-02 | Runtime: 186.4s | Memory: 7003.3MB | Status: running
[2025-10-30 00:5526]   PID 46631: 1988-04-03 | Runtime: 186.4s | Memory: 7125.2MB | Status: running
[2025-10-30 00:5526]   PID 46633: 1988-04-05 | Runtime: 186.4s | Memory: 7086.4MB | Status: running
[2025-10-30 00:5526]   PID 46634: 1988-04-06 | Runtime: 186.4s | Memory: 7127.2MB | Status: running
[2025-10-30 00:5526]   PID 47318: 1988-04-08 | Runtime: 31.2s | Memory: 843.8MB | Status: running
[2025-10-30 00:5526]   PID 47371: 1988-04-09 | Runtime: 24.2s | Memory: 509.8MB | Status: running
[2025-10-30 00:5526]   PID 47420: 1988-04-10 | Runtime: 11.0s | Memory: 99.0MB | Status: running
[2025-10-30 00:5526]   PID 47508: 1988-04-11 | Runtime: 0.0s | Memory: 1.4MB | Status: running
[2025-10-30 00:5550] Memory Stats - Periodic check: Available=251904.7MB/385074.9MB (34.6% used)
[2025-10-30 00:5550] Active subprocesses: 8
[2025-10-30 00:5550]   PID 46630: 1988-04-02 | Runtime: 210.5s | Memory: 6695.2MB | Status: running
[2025-10-30 00:5550]   PID 46631: 1988-04-03 | Runtime: 210.5s | Memory: 6695.8MB | Status: running
[2025-10-30 00:5550]   PID 46633: 1988-04-05 | Runtime: 210.4s | Memory: 6697.5MB | Status: running
[2025-10-30 00:5550]   PID 46634: 1988-04-06 | Runtime: 210.4s | Memory: 6697.8MB | Status: running
[2025-10-30 00:5550]   PID 47318: 1988-04-08 | Runtime: 55.3s | Memory: 1403.9MB | Status: running
[2025-10-30 00:5550]   PID 47371: 1988-04-09 | Runtime: 48.3s | Memory: 1024.7MB | Status: running
[2025-10-30 00:5550]   PID 47420: 1988-04-10 | Runtime: 35.1s | Memory: 558.3MB | Status: running
[2025-10-30 00:5550]   PID 47508: 1988-04-11 | Runtime: 24.1s | Memory: 330.1MB | Status: running
[2025-10-30 00:5550] Progress: 0 completed, 4 failed, 8 active, 6 pending | Elapsed: 210.5s
[2025-10-30 00:5602] FAILED: PID 46634 failed for 1988-04-06 (exit code -9) after 222.4s
[2025-10-30 00:5602]   -> Successfully logged failure for 1988-04-06 to data/failed_jobs.json
[2025-10-30 00:5602] Launching download 13/18: 1988-04-12
[2025-10-30 00:5602] Launched subprocess PID 47584 for 1988-04-12 (log: logs/subprocesses/download_19880412.log)
[2025-10-30 00:5602] Active subprocesses: 8
[2025-10-30 00:5602]   PID 46630: 1988-04-02 | Runtime: 222.5s | Memory: 6694.2MB | Status: running
[2025-10-30 00:5602]   PID 46631: 1988-04-03 | Runtime: 222.5s | Memory: 6694.9MB | Status: running
[2025-10-30 00:5602]   PID 46633: 1988-04-05 | Runtime: 222.5s | Memory: 0.0MB | Status: zombie
[2025-10-30 00:5602]   PID 47318: 1988-04-08 | Runtime: 67.4s | Memory: 1654.4MB | Status: running
[2025-10-30 00:5602]   PID 47371: 1988-04-09 | Runtime: 60.4s | Memory: 1290.5MB | Status: running
[2025-10-30 00:5602]   PID 47420: 1988-04-10 | Runtime: 47.2s | Memory: 790.4MB | Status: running
[2025-10-30 00:5602]   PID 47508: 1988-04-11 | Runtime: 36.2s | Memory: 533.4MB | Status: running
[2025-10-30 00:5602]   PID 47584: 1988-04-12 | Runtime: 0.1s | Memory: 1.7MB | Status: running
[2025-10-30 00:5603] FAILED: PID 46633 failed for 1988-04-05 (exit code -9) after 223.5s
[2025-10-30 00:5603]   -> Successfully logged failure for 1988-04-05 to data/failed_jobs.json
[2025-10-30 00:5603] Launching download 14/18: 1988-04-13
[2025-10-30 00:5603] Launched subprocess PID 47586 for 1988-04-13 (log: logs/subprocesses/download_19880413.log)
[2025-10-30 00:5603] Active subprocesses: 8
[2025-10-30 00:5603]   PID 46630: 1988-04-02 | Runtime: 223.6s | Memory: 6694.2MB | Status: running
[2025-10-30 00:5603]   PID 46631: 1988-04-03 | Runtime: 223.6s | Memory: 6694.9MB | Status: running
[2025-10-30 00:5603]   PID 47318: 1988-04-08 | Runtime: 68.4s | Memory: 1676.5MB | Status: running
[2025-10-30 00:5603]   PID 47371: 1988-04-09 | Runtime: 61.4s | Memory: 1312.1MB | Status: running
[2025-10-30 00:5603]   PID 47420: 1988-04-10 | Runtime: 48.2s | Memory: 807.2MB | Status: running
[2025-10-30 00:5603]   PID 47508: 1988-04-11 | Runtime: 37.2s | Memory: 558.7MB | Status: running
[2025-10-30 00:5603]   PID 47584: 1988-04-12 | Runtime: 1.1s | Memory: 22.0MB | Status: running
[2025-10-30 00:5603]   PID 47586: 1988-04-13 | Runtime: 0.0s | Memory: 1.6MB | Status: running
[2025-10-30 00:5620] Memory Stats - Periodic check: Available=257693.3MB/385074.9MB (33.1% used)
[2025-10-30 00:5620] Active subprocesses: 8
[2025-10-30 00:5620]   PID 46630: 1988-04-02 | Runtime: 240.6s | Memory: 6694.2MB | Status: running
[2025-10-30 00:5620]   PID 46631: 1988-04-03 | Runtime: 240.6s | Memory: 6694.9MB | Status: running
[2025-10-30 00:5620]   PID 47318: 1988-04-08 | Runtime: 85.4s | Memory: 2061.5MB | Status: running
[2025-10-30 00:5620]   PID 47371: 1988-04-09 | Runtime: 78.4s | Memory: 1691.3MB | Status: running
[2025-10-30 00:5620]   PID 47420: 1988-04-10 | Runtime: 65.2s | Memory: 1153.6MB | Status: running
[2025-10-30 00:5620]   PID 47508: 1988-04-11 | Runtime: 54.2s | Memory: 895.7MB | Status: running
[2025-10-30 00:5620]   PID 47584: 1988-04-12 | Runtime: 18.1s | Memory: 214.9MB | Status: running
[2025-10-30 00:5620]   PID 47586: 1988-04-13 | Runtime: 17.0s | Memory: 209.8MB | Status: running
[2025-10-30 00:5620] Progress: 0 completed, 6 failed, 8 active, 4 pending | Elapsed: 240.6s
[2025-10-30 00:5650] Memory Stats - Periodic check: Available=251933.9MB/385074.9MB (34.6% used)
[2025-10-30 00:5650] Active subprocesses: 8
[2025-10-30 00:5650]   PID 46630: 1988-04-02 | Runtime: 270.6s | Memory: 4746.4MB | Status: sleeping
[2025-10-30 00:5650]   PID 46631: 1988-04-03 | Runtime: 270.6s | Memory: 6209.8MB | Status: sleeping
[2025-10-30 00:5650]   PID 47318: 1988-04-08 | Runtime: 115.4s | Memory: 2665.1MB | Status: running
[2025-10-30 00:5650]   PID 47371: 1988-04-09 | Runtime: 108.4s | Memory: 2297.5MB | Status: running
[2025-10-30 00:5650]   PID 47420: 1988-04-10 | Runtime: 95.2s | Memory: 1742.5MB | Status: running
[2025-10-30 00:5650]   PID 47508: 1988-04-11 | Runtime: 84.2s | Memory: 1449.5MB | Status: running
[2025-10-30 00:5650]   PID 47584: 1988-04-12 | Runtime: 48.1s | Memory: 832.2MB | Status: running
[2025-10-30 00:5650]   PID 47586: 1988-04-13 | Runtime: 47.0s | Memory: 832.1MB | Status: running
[2025-10-30 00:5650] Progress: 0 completed, 6 failed, 8 active, 4 pending | Elapsed: 270.6s
[2025-10-30 00:5659] FAILED: PID 46631 failed for 1988-04-03 (exit code -9) after 279.6s
[2025-10-30 00:5659]   -> Successfully logged failure for 1988-04-03 to data/failed_jobs.json
[2025-10-30 00:5659] Launching download 15/18: 1988-04-14
[2025-10-30 00:5659] Launched subprocess PID 47894 for 1988-04-14 (log: logs/subprocesses/download_19880414.log)
[2025-10-30 00:5659] Active subprocesses: 8
[2025-10-30 00:5659]   PID 46630: 1988-04-02 | Runtime: 279.7s | Memory: 5242.9MB | Status: sleeping
[2025-10-30 00:5659]   PID 47318: 1988-04-08 | Runtime: 124.5s | Memory: 2843.8MB | Status: running
[2025-10-30 00:5659]   PID 47371: 1988-04-09 | Runtime: 117.5s | Memory: 2469.4MB | Status: running
[2025-10-30 00:5659]   PID 47420: 1988-04-10 | Runtime: 104.3s | Memory: 1914.7MB | Status: running
[2025-10-30 00:5659]   PID 47508: 1988-04-11 | Runtime: 93.3s | Memory: 1610.2MB | Status: running
[2025-10-30 00:5659]   PID 47584: 1988-04-12 | Runtime: 57.2s | Memory: 975.4MB | Status: running
[2025-10-30 00:5659]   PID 47586: 1988-04-13 | Runtime: 56.1s | Memory: 981.7MB | Status: running
[2025-10-30 00:5659]   PID 47894: 1988-04-14 | Runtime: 0.0s | Memory: 1.6MB | Status: running
[2025-10-30 00:5718] FAILED: PID 46630 failed for 1988-04-02 (exit code -9) after 298.7s
[2025-10-30 00:5718]   -> Successfully logged failure for 1988-04-02 to data/failed_jobs.json
[2025-10-30 00:5718] Launching download 16/18: 1988-04-15
[2025-10-30 00:5718] Launched subprocess PID 48069 for 1988-04-15 (log: logs/subprocesses/download_19880415.log)
[2025-10-30 00:5718] Active subprocesses: 8
[2025-10-30 00:5718]   PID 47318: 1988-04-08 | Runtime: 143.6s | Memory: 3222.3MB | Status: running
[2025-10-30 00:5718]   PID 47371: 1988-04-09 | Runtime: 136.6s | Memory: 2850.4MB | Status: running
[2025-10-30 00:5718]   PID 47420: 1988-04-10 | Runtime: 123.4s | Memory: 2270.8MB | Status: running
[2025-10-30 00:5718]   PID 47508: 1988-04-11 | Runtime: 112.4s | Memory: 1951.1MB | Status: running
[2025-10-30 00:5718]   PID 47584: 1988-04-12 | Runtime: 76.3s | Memory: 1344.9MB | Status: running
[2025-10-30 00:5718]   PID 47586: 1988-04-13 | Runtime: 75.2s | Memory: 1345.7MB | Status: running
[2025-10-30 00:5718]   PID 47894: 1988-04-14 | Runtime: 19.1s | Memory: 198.4MB | Status: running
[2025-10-30 00:5718]   PID 48069: 1988-04-15 | Runtime: 0.0s | Memory: 1.5MB | Status: running
[2025-10-30 00:5720] Memory Stats - Periodic check: Available=254637.7MB/385074.9MB (33.9% used)
[2025-10-30 00:5720] Active subprocesses: 8
[2025-10-30 00:5720]   PID 47318: 1988-04-08 | Runtime: 145.6s | Memory: 3248.3MB | Status: running
[2025-10-30 00:5720]   PID 47371: 1988-04-09 | Runtime: 138.6s | Memory: 2885.5MB | Status: running
[2025-10-30 00:5720]   PID 47420: 1988-04-10 | Runtime: 125.4s | Memory: 2312.8MB | Status: running
[2025-10-30 00:5720]   PID 47508: 1988-04-11 | Runtime: 114.4s | Memory: 1994.5MB | Status: running
[2025-10-30 00:5720]   PID 47584: 1988-04-12 | Runtime: 78.3s | Memory: 1388.9MB | Status: running
[2025-10-30 00:5720]   PID 47586: 1988-04-13 | Runtime: 77.2s | Memory: 1390.3MB | Status: running
[2025-10-30 00:5720]   PID 47894: 1988-04-14 | Runtime: 21.1s | Memory: 240.7MB | Status: running
[2025-10-30 00:5720]   PID 48069: 1988-04-15 | Runtime: 2.0s | Memory: 38.2MB | Status: running
[2025-10-30 00:5720] Progress: 0 completed, 8 failed, 8 active, 2 pending | Elapsed: 300.8s
[2025-10-30 00:5738] FAILED: PID 47318 failed for 1988-04-08 (exit code -9) after 163.6s
[2025-10-30 00:5738]   -> Successfully logged failure for 1988-04-08 to data/failed_jobs.json
[2025-10-30 00:5738] Launching download 17/18: 1988-04-16
[2025-10-30 00:5738] Launched subprocess PID 48119 for 1988-04-16 (log: logs/subprocesses/download_19880416.log)
[2025-10-30 00:5738] Active subprocesses: 8
[2025-10-30 00:5738]   PID 47371: 1988-04-09 | Runtime: 156.7s | Memory: 3281.0MB | Status: running
[2025-10-30 00:5738]   PID 47420: 1988-04-10 | Runtime: 143.5s | Memory: 2658.0MB | Status: running
[2025-10-30 00:5738]   PID 47508: 1988-04-11 | Runtime: 132.5s | Memory: 2331.8MB | Status: running
[2025-10-30 00:5738]   PID 47584: 1988-04-12 | Runtime: 96.4s | Memory: 1778.0MB | Status: running
[2025-10-30 00:5738]   PID 47586: 1988-04-13 | Runtime: 95.3s | Memory: 1776.4MB | Status: running
[2025-10-30 00:5738]   PID 47894: 1988-04-14 | Runtime: 39.2s | Memory: 568.7MB | Status: running
[2025-10-30 00:5738]   PID 48069: 1988-04-15 | Runtime: 20.1s | Memory: 220.2MB | Status: running
[2025-10-30 00:5738]   PID 48119: 1988-04-16 | Runtime: 0.0s | Memory: 1.5MB | Status: running
[2025-10-30 00:5750] FAILED: PID 47371 failed for 1988-04-09 (exit code -9) after 168.7s
[2025-10-30 00:5750]   -> Successfully logged failure for 1988-04-09 to data/failed_jobs.json
[2025-10-30 00:5750] Launching download 18/18: 1988-04-17
[2025-10-30 00:5750] Launched subprocess PID 48137 for 1988-04-17 (log: logs/subprocesses/download_19880417.log)
[2025-10-30 00:5750] Active subprocesses: 8
[2025-10-30 00:5750]   PID 47420: 1988-04-10 | Runtime: 155.5s | Memory: 2883.0MB | Status: running
[2025-10-30 00:5750]   PID 47508: 1988-04-11 | Runtime: 144.5s | Memory: 2558.4MB | Status: running
[2025-10-30 00:5750]   PID 47584: 1988-04-12 | Runtime: 108.4s | Memory: 2053.9MB | Status: running
[2025-10-30 00:5750]   PID 47586: 1988-04-13 | Runtime: 107.3s | Memory: 2057.1MB | Status: running
[2025-10-30 00:5750]   PID 47894: 1988-04-14 | Runtime: 51.2s | Memory: 777.0MB | Status: running
[2025-10-30 00:5750]   PID 48069: 1988-04-15 | Runtime: 32.1s | Memory: 445.9MB | Status: running
[2025-10-30 00:5750]   PID 48119: 1988-04-16 | Runtime: 12.0s | Memory: 100.3MB | Status: running
[2025-10-30 00:5750]   PID 48137: 1988-04-17 | Runtime: 0.0s | Memory: 1.5MB | Status: running
[2025-10-30 00:5750] Memory Stats - Periodic check: Available=252615.5MB/385074.9MB (34.4% used)
[2025-10-30 00:5750] Active subprocesses: 8
[2025-10-30 00:5750]   PID 47420: 1988-04-10 | Runtime: 155.5s | Memory: 2883.0MB | Status: running
[2025-10-30 00:5750]   PID 47508: 1988-04-11 | Runtime: 144.5s | Memory: 2558.4MB | Status: running
[2025-10-30 00:5750]   PID 47584: 1988-04-12 | Runtime: 108.4s | Memory: 2053.9MB | Status: running
[2025-10-30 00:5750]   PID 47586: 1988-04-13 | Runtime: 107.4s | Memory: 2057.1MB | Status: running
[2025-10-30 00:5750]   PID 47894: 1988-04-14 | Runtime: 51.3s | Memory: 777.2MB | Status: running
[2025-10-30 00:5750]   PID 48069: 1988-04-15 | Runtime: 32.2s | Memory: 446.4MB | Status: running
[2025-10-30 00:5750]   PID 48119: 1988-04-16 | Runtime: 12.1s | Memory: 100.5MB | Status: running
[2025-10-30 00:5750]   PID 48137: 1988-04-17 | Runtime: 0.1s | Memory: 2.5MB | Status: running
[2025-10-30 00:5750] Progress: 0 completed, 10 failed, 8 active, 0 pending | Elapsed: 330.9s
[2025-10-30 00:5820] Memory Stats - Periodic check: Available=250507.2MB/385074.9MB (34.9% used)
[2025-10-30 00:5820] Active subprocesses: 8
[2025-10-30 00:5820]   PID 47420: 1988-04-10 | Runtime: 185.6s | Memory: 3471.8MB | Status: running
[2025-10-30 00:5820]   PID 47508: 1988-04-11 | Runtime: 174.6s | Memory: 3123.2MB | Status: running
[2025-10-30 00:5820]   PID 47584: 1988-04-12 | Runtime: 138.5s | Memory: 2729.6MB | Status: running
[2025-10-30 00:5820]   PID 47586: 1988-04-13 | Runtime: 137.4s | Memory: 2730.1MB | Status: running
[2025-10-30 00:5820]   PID 47894: 1988-04-14 | Runtime: 81.3s | Memory: 1335.9MB | Status: running
[2025-10-30 00:5820]   PID 48069: 1988-04-15 | Runtime: 62.2s | Memory: 999.8MB | Status: running
[2025-10-30 00:5820]   PID 48119: 1988-04-16 | Runtime: 42.1s | Memory: 634.2MB | Status: running
[2025-10-30 00:5820]   PID 48137: 1988-04-17 | Runtime: 30.1s | Memory: 465.6MB | Status: running
[2025-10-30 00:5820] Progress: 0 completed, 10 failed, 8 active, 0 pending | Elapsed: 361.0s
[2025-10-30 00:5851] Memory Stats - Periodic check: Available=252342.3MB/385074.9MB (34.5% used)
[2025-10-30 00:5851] Active subprocesses: 8
[2025-10-30 00:5851]   PID 47420: 1988-04-10 | Runtime: 215.8s | Memory: 4108.7MB | Status: running
[2025-10-30 00:5851]   PID 47508: 1988-04-11 | Runtime: 204.8s | Memory: 3844.0MB | Status: running
[2025-10-30 00:5851]   PID 47584: 1988-04-12 | Runtime: 168.7s | Memory: 3440.0MB | Status: running
[2025-10-30 00:5851]   PID 47586: 1988-04-13 | Runtime: 167.6s | Memory: 3455.8MB | Status: running
[2025-10-30 00:5851]   PID 47894: 1988-04-14 | Runtime: 111.5s | Memory: 1886.5MB | Status: running
[2025-10-30 00:5851]   PID 48069: 1988-04-15 | Runtime: 92.4s | Memory: 1587.0MB | Status: running
[2025-10-30 00:5851]   PID 48119: 1988-04-16 | Runtime: 72.3s | Memory: 1202.1MB | Status: running
[2025-10-30 00:5851]   PID 48137: 1988-04-17 | Runtime: 60.3s | Memory: 1194.9MB | Status: running
[2025-10-30 00:5851] Progress: 0 completed, 10 failed, 8 active, 0 pending | Elapsed: 391.2s
[2025-10-30 00:5921] Memory Stats - Periodic check: Available=253925.6MB/385074.9MB (34.1% used)
[2025-10-30 00:5921] Active subprocesses: 8
[2025-10-30 00:5921]   PID 47420: 1988-04-10 | Runtime: 245.9s | Memory: 4114.6MB | Status: running
[2025-10-30 00:5921]   PID 47508: 1988-04-11 | Runtime: 234.9s | Memory: 4111.5MB | Status: running
[2025-10-30 00:5921]   PID 47584: 1988-04-12 | Runtime: 198.8s | Memory: 4115.4MB | Status: running
[2025-10-30 00:5921]   PID 47586: 1988-04-13 | Runtime: 197.7s | Memory: 4112.4MB | Status: running
[2025-10-30 00:5921]   PID 47894: 1988-04-14 | Runtime: 141.6s | Memory: 2444.8MB | Status: running
[2025-10-30 00:5921]   PID 48069: 1988-04-15 | Runtime: 122.5s | Memory: 2146.4MB | Status: running
[2025-10-30 00:5921]   PID 48119: 1988-04-16 | Runtime: 102.4s | Memory: 1777.0MB | Status: running
[2025-10-30 00:5921]   PID 48137: 1988-04-17 | Runtime: 90.4s | Memory: 1918.3MB | Status: running
[2025-10-30 00:5921] Progress: 0 completed, 10 failed, 8 active, 0 pending | Elapsed: 421.3s
[2025-10-30 00:5939] FAILED: PID 47420 failed for 1988-04-10 (exit code -9) after 263.9s
[2025-10-30 00:5939]   -> Successfully logged failure for 1988-04-10 to data/failed_jobs.json
[2025-10-30 00:5951] Memory Stats - Periodic check: Available=251217.5MB/385074.9MB (34.8% used)
[2025-10-30 00:5951] Active subprocesses: 7
[2025-10-30 00:5951]   PID 47508: 1988-04-11 | Runtime: 265.0s | Memory: 4120.6MB | Status: running
[2025-10-30 00:5951]   PID 47584: 1988-04-12 | Runtime: 228.9s | Memory: 4118.7MB | Status: running
[2025-10-30 00:5951]   PID 47586: 1988-04-13 | Runtime: 227.8s | Memory: 4126.0MB | Status: running
[2025-10-30 00:5951]   PID 47894: 1988-04-14 | Runtime: 171.7s | Memory: 3013.5MB | Status: running
[2025-10-30 00:5951]   PID 48069: 1988-04-15 | Runtime: 152.6s | Memory: 2734.5MB | Status: running
[2025-10-30 00:5951]   PID 48119: 1988-04-16 | Runtime: 132.5s | Memory: 2399.2MB | Status: running
[2025-10-30 00:5951]   PID 48137: 1988-04-17 | Runtime: 120.5s | Memory: 2615.5MB | Status: running
[2025-10-30 00:5951] Progress: 0 completed, 11 failed, 7 active, 0 pending | Elapsed: 451.4s
[2025-10-30 00:5957] FAILED: PID 47508 failed for 1988-04-11 (exit code -9) after 271.0s
[2025-10-30 00:5957]   -> Successfully logged failure for 1988-04-11 to data/failed_jobs.json
[2025-10-30 01:0021] Memory Stats - Periodic check: Available=251883.1MB/385074.9MB (34.6% used)
[2025-10-30 01:0021] Active subprocesses: 6
[2025-10-30 01:0021]   PID 47584: 1988-04-12 | Runtime: 259.0s | Memory: 4132.1MB | Status: running
[2025-10-30 01:0021]   PID 47586: 1988-04-13 | Runtime: 257.9s | Memory: 4136.7MB | Status: running
[2025-10-30 01:0021]   PID 47894: 1988-04-14 | Runtime: 201.8s | Memory: 3749.5MB | Status: running
[2025-10-30 01:0021]   PID 48069: 1988-04-15 | Runtime: 182.7s | Memory: 3409.0MB | Status: running
[2025-10-30 01:0021]   PID 48119: 1988-04-16 | Runtime: 162.6s | Memory: 3022.0MB | Status: running
[2025-10-30 01:0021]   PID 48137: 1988-04-17 | Runtime: 150.6s | Memory: 3349.6MB | Status: running
[2025-10-30 01:0021] Progress: 0 completed, 12 failed, 6 active, 0 pending | Elapsed: 481.5s
[2025-10-30 01:0027] FAILED: PID 47586 failed for 1988-04-13 (exit code -9) after 263.9s
[2025-10-30 01:0027]   -> Successfully logged failure for 1988-04-13 to data/failed_jobs.json
[2025-10-30 01:0039] FAILED: PID 47584 failed for 1988-04-12 (exit code -9) after 277.0s
[2025-10-30 01:0039]   -> Successfully logged failure for 1988-04-12 to data/failed_jobs.json
[2025-10-30 01:0051] Memory Stats - Periodic check: Available=250810.6MB/385074.9MB (34.9% used)
[2025-10-30 01:0051] Active subprocesses: 4
[2025-10-30 01:0051]   PID 47894: 1988-04-14 | Runtime: 231.9s | Memory: 4115.0MB | Status: running
[2025-10-30 01:0051]   PID 48069: 1988-04-15 | Runtime: 212.8s | Memory: 4110.7MB | Status: running
[2025-10-30 01:0051]   PID 48119: 1988-04-16 | Runtime: 192.7s | Memory: 4116.6MB | Status: running
[2025-10-30 01:0051]   PID 48137: 1988-04-17 | Runtime: 180.7s | Memory: 4116.1MB | Status: running
[2025-10-30 01:0051] Progress: 0 completed, 14 failed, 4 active, 0 pending | Elapsed: 511.6s
[2025-10-30 01:0054] FAILED: PID 48069 failed for 1988-04-15 (exit code -9) after 215.8s
[2025-10-30 01:0054]   -> Successfully logged failure for 1988-04-15 to data/failed_jobs.json
[2025-10-30 01:0113] FAILED: PID 48137 failed for 1988-04-17 (exit code -9) after 202.7s
[2025-10-30 01:0113]   -> Successfully logged failure for 1988-04-17 to data/failed_jobs.json
[2025-10-30 01:0121] Memory Stats - Periodic check: Available=252152.8MB/385074.9MB (34.5% used)
[2025-10-30 01:0121] Active subprocesses: 2
[2025-10-30 01:0121]   PID 47894: 1988-04-14 | Runtime: 261.9s | Memory: 4109.3MB | Status: running
[2025-10-30 01:0121]   PID 48119: 1988-04-16 | Runtime: 222.7s | Memory: 4119.5MB | Status: running
[2025-10-30 01:0121] Progress: 0 completed, 16 failed, 2 active, 0 pending | Elapsed: 541.6s
[2025-10-30 01:0151] Memory Stats - Periodic check: Available=251913.8MB/385074.9MB (34.6% used)
[2025-10-30 01:0151] Active subprocesses: 2
[2025-10-30 01:0151]   PID 47894: 1988-04-14 | Runtime: 291.9s | Memory: 4760.9MB | Status: running
[2025-10-30 01:0151]   PID 48119: 1988-04-16 | Runtime: 252.7s | Memory: 4100.3MB | Status: running
[2025-10-30 01:0151] Progress: 0 completed, 16 failed, 2 active, 0 pending | Elapsed: 571.6s
[2025-10-30 01:0201] FAILED: PID 47894 failed for 1988-04-14 (exit code -9) after 301.9s
[2025-10-30 01:0201]   -> Successfully logged failure for 1988-04-14 to data/failed_jobs.json
[2025-10-30 01:0221] Memory Stats - Periodic check: Available=254448.4MB/385074.9MB (33.9% used)
[2025-10-30 01:0221] Active subprocesses: 1
[2025-10-30 01:0221]   PID 48119: 1988-04-16 | Runtime: 282.8s | Memory: 5609.7MB | Status: running
[2025-10-30 01:0221] Progress: 0 completed, 17 failed, 1 active, 0 pending | Elapsed: 601.7s
[2025-10-30 01:0240] FAILED: PID 48119 failed for 1988-04-16 (exit code -9) after 301.8s
[2025-10-30 01:0240]   -> Successfully logged failure for 1988-04-16 to data/failed_jobs.json
[2025-10-30 01:0241] ================================================================================
[2025-10-30 01:0241] Download Processing Complete
[2025-10-30 01:0241] ================================================================================
[2025-10-30 01:0241] Total runtime: 621.7s (10.4 minutes)
[2025-10-30 01:0241] Completed successfully: 0/18
[2025-10-30 01:0241] Failed: 18/18
[2025-10-30 01:0241] Failed dates: ['1988-04-01', '1988-04-04', '1988-04-07', '1988-03-31', '1988-04-06', '1988-04-05', '1988-04-03', '1988-04-02', '1988-04-08', '1988-04-09', '1988-04-10', '1988-04-11', '1988-04-13', '1988-04-12', '1988-04-15', '1988-04-17', '1988-04-14', '1988-04-16']
[2025-10-30 01:0241] Failure details saved to: data/failed_jobs.json
[2025-10-30 01:0241] ================================================================================
[2025-10-30 01:0241] STARTING AUTOMATIC RETRY PROCESS
[2025-10-30 01:0241] Will use up to 8 concurrent processes.
[2025-10-30 01:0241] ================================================================================
[2025-10-30 01:0241] Launching retry script. Log will be in: logs/retry_driver_20251030_010241.log
[2025-10-30 01:0241] Retry script finished with exit code 2.
[2025-10-30 01:0241] Please check logs/retry_driver_20251030_010241.log for details.
[2025-10-30 01:0241] WARNING: Retry script failed. Remaining failures are still in data/failed_jobs.json
[2025-10-30 01:0241] Memory Stats - Final: Available=254966.6MB/385074.9MB (33.8% used)
[2025-10-30 01:0241] Cleaned up temporary configuration files

Downloads completed with 18 failures.
Check logs and data/failed_jobs.json for details.
