[2025-10-31 13:03:51] Starting process for 1988-02-10 (PID: 8228)
[2025-10-31 13:03:51] DOWNLOAD START: 1988-02-10
[2025-10-31 13:03:51] Fetching fresh STAC token from Planetary Computer...
[2025-10-31 13:03:52] Opening Zarr dataset...
[2025-10-31 13:04:35] Manually decoding CF conventions (fill values)...
[2025-10-31 13:04:35] Found 24 hourly records.
[2025-10-31 13:04:35] Saving daily aggregate to data/unprocessed/daily/conus404_daily_19880210.nc
[2025-10-31 13:05:21] DOWNLOAD COMPLETE: 1988-02-10
[2025-10-31 13:05:21] VALIDATION START: data/unprocessed/daily/conus404_daily_19880210.nc
[2025-10-31 13:05:21]   QC FAIL: LAI min value -999841663821612745218903699395444736.000000 is below threshold -1
[2025-10-31 13:05:21] FAILED: File data/unprocessed/daily/conus404_daily_19880210.nc was created but FAILED validation.
[2025-10-31 13:05:21] Cleaned up corrupt file: data/unprocessed/daily/conus404_daily_19880210.nc
Traceback (most recent call last):
  File "/usr/local/other/GEOSpyD/24.3.0-0/2024-08-29/envs/py3.12/lib/python3.12/weakref.py", line 666, in _exitfunc
    f()
  File "/usr/local/other/GEOSpyD/24.3.0-0/2024-08-29/envs/py3.12/lib/python3.12/weakref.py", line 590, in __call__
    return info.func(*info.args, **(info.kwargs or {}))
           ^^^^^^^^^^^^^^^^^^^^^^^^^^^^^^^^^^^^^^^^^^^^
  File "/gpfsm/dnb33/hpmille1/venv/lib/python3.12/site-packages/fsspec/asyn.py", line 76, in sync
    raise RuntimeError("Loop is not running")
RuntimeError: Loop is not running
Traceback (most recent call last):
  File "/usr/local/other/GEOSpyD/24.3.0-0/2024-08-29/envs/py3.12/lib/python3.12/weakref.py", line 666, in _exitfunc
    f()
  File "/usr/local/other/GEOSpyD/24.3.0-0/2024-08-29/envs/py3.12/lib/python3.12/weakref.py", line 590, in __call__
    return info.func(*info.args, **(info.kwargs or {}))
           ^^^^^^^^^^^^^^^^^^^^^^^^^^^^^^^^^^^^^^^^^^^^
  File "/gpfsm/dnb33/hpmille1/venv/lib/python3.12/site-packages/fsspec/asyn.py", line 76, in sync
    raise RuntimeError("Loop is not running")
RuntimeError: Loop is not running
