[2025-10-30 01:0631] ================================================================================
[2025-10-30 01:0631] CONUS404 Download Driver Starting
[2025-10-30 01:0631] ================================================================================
[2025-10-30 01:0631] Date range: 1988-03-31 to 1988-04-17
[2025-10-30 01:0631] Max concurrent processes: 8
[2025-10-30 01:0631] Log file: logs/driver_20251030_010631.log
[2025-10-30 01:0631] Checking for and clearing old failure log: data/failed_jobs.json
[2025-10-30 01:0632] Removed old failure log.
[2025-10-30 01:0632] Memory Stats - Initial: Available=248876.1MB/385075.0MB (35.4% used)
[2025-10-30 01:0632] Fetching CONUS404 asset from Planetary Computer...
[2025-10-30 01:0633] Asset URL: az://noaa/conus404.zarr
[2025-10-30 01:0633] Asset configuration saved
[2025-10-30 01:0633] Total dates to process: 18
[2025-10-30 01:0633] ================================================================================
[2025-10-30 01:0633] Starting download processes
[2025-10-30 01:0633] ================================================================================
[2025-10-30 01:0633] Launching download 1/18: 1988-03-31
[2025-10-30 01:0633] Launched subprocess PID 37722 for 1988-03-31 (log: logs/subprocesses/download_19880331.log)
[2025-10-30 01:0633] Active subprocesses: 1
[2025-10-30 01:0633]   PID 37722: 1988-03-31 | Runtime: 0.0s | Memory: 0.0MB | Status: running
[2025-10-30 01:0633] Launching download 2/18: 1988-04-01
[2025-10-30 01:0633] Launched subprocess PID 37723 for 1988-04-01 (log: logs/subprocesses/download_19880401.log)
[2025-10-30 01:0633] Active subprocesses: 2
[2025-10-30 01:0633]   PID 37722: 1988-03-31 | Runtime: 0.0s | Memory: 1.5MB | Status: running
[2025-10-30 01:0633]   PID 37723: 1988-04-01 | Runtime: 0.0s | Memory: 0.3MB | Status: running
[2025-10-30 01:0633] Launching download 3/18: 1988-04-02
[2025-10-30 01:0633] Launched subprocess PID 37724 for 1988-04-02 (log: logs/subprocesses/download_19880402.log)
[2025-10-30 01:0633] Active subprocesses: 3
[2025-10-30 01:0633]   PID 37722: 1988-03-31 | Runtime: 0.0s | Memory: 2.7MB | Status: running
[2025-10-30 01:0633]   PID 37723: 1988-04-01 | Runtime: 0.0s | Memory: 1.9MB | Status: running
[2025-10-30 01:0633]   PID 37724: 1988-04-02 | Runtime: 0.0s | Memory: 0.4MB | Status: running
[2025-10-30 01:0633] Launching download 4/18: 1988-04-03
[2025-10-30 01:0633] Launched subprocess PID 37725 for 1988-04-03 (log: logs/subprocesses/download_19880403.log)
[2025-10-30 01:0633] Active subprocesses: 4
[2025-10-30 01:0633]   PID 37722: 1988-03-31 | Runtime: 0.0s | Memory: 4.5MB | Status: running
[2025-10-30 01:0633]   PID 37723: 1988-04-01 | Runtime: 0.0s | Memory: 3.1MB | Status: running
[2025-10-30 01:0633]   PID 37724: 1988-04-02 | Runtime: 0.0s | Memory: 2.1MB | Status: running
[2025-10-30 01:0633]   PID 37725: 1988-04-03 | Runtime: 0.0s | Memory: 1.4MB | Status: running
[2025-10-30 01:0633] Launching download 5/18: 1988-04-04
[2025-10-30 01:0633] Launched subprocess PID 37726 for 1988-04-04 (log: logs/subprocesses/download_19880404.log)
[2025-10-30 01:0633] Active subprocesses: 5
[2025-10-30 01:0633]   PID 37722: 1988-03-31 | Runtime: 0.0s | Memory: 5.2MB | Status: running
[2025-10-30 01:0633]   PID 37723: 1988-04-01 | Runtime: 0.0s | Memory: 4.8MB | Status: running
[2025-10-30 01:0633]   PID 37724: 1988-04-02 | Runtime: 0.0s | Memory: 3.4MB | Status: running
[2025-10-30 01:0633]   PID 37725: 1988-04-03 | Runtime: 0.0s | Memory: 2.8MB | Status: running
[2025-10-30 01:0633]   PID 37726: 1988-04-04 | Runtime: 0.0s | Memory: 0.5MB | Status: running
[2025-10-30 01:0633] Launching download 6/18: 1988-04-05
[2025-10-30 01:0633] Launched subprocess PID 37727 for 1988-04-05 (log: logs/subprocesses/download_19880405.log)
[2025-10-30 01:0633] Active subprocesses: 6
[2025-10-30 01:0633]   PID 37722: 1988-03-31 | Runtime: 0.0s | Memory: 6.1MB | Status: running
[2025-10-30 01:0633]   PID 37723: 1988-04-01 | Runtime: 0.0s | Memory: 5.6MB | Status: running
[2025-10-30 01:0633]   PID 37724: 1988-04-02 | Runtime: 0.0s | Memory: 5.5MB | Status: running
[2025-10-30 01:0633]   PID 37725: 1988-04-03 | Runtime: 0.0s | Memory: 5.1MB | Status: running
[2025-10-30 01:0633]   PID 37726: 1988-04-04 | Runtime: 0.0s | Memory: 3.4MB | Status: running
[2025-10-30 01:0633]   PID 37727: 1988-04-05 | Runtime: 0.0s | Memory: 2.2MB | Status: running
[2025-10-30 01:0633] Launching download 7/18: 1988-04-06
[2025-10-30 01:0633] Launched subprocess PID 37728 for 1988-04-06 (log: logs/subprocesses/download_19880406.log)
[2025-10-30 01:0633] Active subprocesses: 7
[2025-10-30 01:0633]   PID 37722: 1988-03-31 | Runtime: 0.0s | Memory: 6.8MB | Status: running
[2025-10-30 01:0633]   PID 37723: 1988-04-01 | Runtime: 0.0s | Memory: 6.8MB | Status: running
[2025-10-30 01:0633]   PID 37724: 1988-04-02 | Runtime: 0.0s | Memory: 6.4MB | Status: running
[2025-10-30 01:0633]   PID 37725: 1988-04-03 | Runtime: 0.0s | Memory: 6.1MB | Status: running
[2025-10-30 01:0633]   PID 37726: 1988-04-04 | Runtime: 0.0s | Memory: 5.0MB | Status: running
[2025-10-30 01:0633]   PID 37727: 1988-04-05 | Runtime: 0.0s | Memory: 4.7MB | Status: running
[2025-10-30 01:0633]   PID 37728: 1988-04-06 | Runtime: 0.0s | Memory: 1.6MB | Status: running
[2025-10-30 01:0633] Launching download 8/18: 1988-04-07
[2025-10-30 01:0633] Launched subprocess PID 37729 for 1988-04-07 (log: logs/subprocesses/download_19880407.log)
[2025-10-30 01:0633] Active subprocesses: 8
[2025-10-30 01:0633]   PID 37722: 1988-03-31 | Runtime: 0.0s | Memory: 7.1MB | Status: running
[2025-10-30 01:0633]   PID 37723: 1988-04-01 | Runtime: 0.0s | Memory: 6.9MB | Status: running
[2025-10-30 01:0633]   PID 37724: 1988-04-02 | Runtime: 0.0s | Memory: 6.8MB | Status: running
[2025-10-30 01:0633]   PID 37725: 1988-04-03 | Runtime: 0.0s | Memory: 6.7MB | Status: running
[2025-10-30 01:0633]   PID 37726: 1988-04-04 | Runtime: 0.0s | Memory: 6.2MB | Status: running
[2025-10-30 01:0633]   PID 37727: 1988-04-05 | Runtime: 0.0s | Memory: 5.7MB | Status: running
[2025-10-30 01:0633]   PID 37728: 1988-04-06 | Runtime: 0.0s | Memory: 3.4MB | Status: running
[2025-10-30 01:0633]   PID 37729: 1988-04-07 | Runtime: 0.0s | Memory: 1.7MB | Status: running
[2025-10-30 01:0703] Memory Stats - Periodic check: Available=242094.5MB/385075.0MB (37.1% used)
[2025-10-30 01:0703] Active subprocesses: 8
[2025-10-30 01:0703]   PID 37722: 1988-03-31 | Runtime: 30.2s | Memory: 503.8MB | Status: running
[2025-10-30 01:0703]   PID 37723: 1988-04-01 | Runtime: 30.2s | Memory: 502.9MB | Status: running
[2025-10-30 01:0703]   PID 37724: 1988-04-02 | Runtime: 30.2s | Memory: 434.8MB | Status: running
[2025-10-30 01:0703]   PID 37725: 1988-04-03 | Runtime: 30.2s | Memory: 451.3MB | Status: running
[2025-10-30 01:0703]   PID 37726: 1988-04-04 | Runtime: 30.2s | Memory: 492.8MB | Status: running
[2025-10-30 01:0703]   PID 37727: 1988-04-05 | Runtime: 30.2s | Memory: 398.3MB | Status: running
[2025-10-30 01:0703]   PID 37728: 1988-04-06 | Runtime: 30.2s | Memory: 444.9MB | Status: running
[2025-10-30 01:0703]   PID 37729: 1988-04-07 | Runtime: 30.2s | Memory: 467.0MB | Status: running
[2025-10-30 01:0703] Progress: 0 completed, 0 failed, 8 active, 10 pending | Elapsed: 30.2s
